Log file open, 02/20/23 19:26:40
LogWindows: Failed to load 'aqProf.dll' (GetLastError=126)
LogWindows: File 'aqProf.dll' does not exist
LogWindows: Failed to load 'VtuneApi.dll' (GetLastError=126)
LogWindows: File 'VtuneApi.dll' does not exist
LogWindows: Failed to load 'VtuneApi32e.dll' (GetLastError=126)
LogWindows: File 'VtuneApi32e.dll' does not exist
LogConsoleResponse: Display: Failed to find resolution value strings in scalability ini. Falling back to default.
LogConsoleResponse: Display: Failed to find resolution value strings in scalability ini. Falling back to default.
LogInit: Display: Running engine for game: Chat_Client
LogPlatformFile: Not using cached read wrapper
LogTaskGraph: Started task graph with 5 named threads and 47 total threads with 3 sets of task threads.
LogStats: Stats thread started at 0.259741
LogICUInternationalization: ICU TimeZone Detection - Raw Offset: +9:00, Platform Override: ''
LogInit: Display: Loading text-based GConfig....
LogPluginManager: Mounting plugin MeshPainting
LogPluginManager: Mounting plugin XGEController
LogPluginManager: Mounting plugin Paper2D
LogPluginManager: Mounting plugin AISupport
LogPluginManager: Mounting plugin LiveLink
LogPluginManager: Mounting plugin LightPropagationVolume
LogPluginManager: Mounting plugin EnvironmentQueryEditor
LogPluginManager: Mounting plugin CameraShakePreviewer
LogPluginManager: Mounting plugin GameplayCameras
LogPluginManager: Mounting plugin OodleData
LogPluginManager: Mounting plugin OodleNetwork
LogPluginManager: Mounting plugin AnimationSharing
LogPluginManager: Mounting plugin DatasmithContent
LogPluginManager: Mounting plugin VariantManagerContent
LogPluginManager: Mounting plugin Niagara
LogPluginManager: Mounting plugin AssetManagerEditor
LogPluginManager: Mounting plugin DataValidation
LogPluginManager: Mounting plugin CryptoKeys
LogPluginManager: Mounting plugin FacialAnimation
LogPluginManager: Mounting plugin GameplayTagsEditor
LogPluginManager: Mounting plugin MacGraphicsSwitching
LogPluginManager: Mounting plugin CurveEditorTools
LogPluginManager: Mounting plugin GeometryMode
LogPluginManager: Mounting plugin MaterialAnalyzer
LogPluginManager: Mounting plugin PluginBrowser
LogPluginManager: Mounting plugin MobileLauncherProfileWizard
LogPluginManager: Mounting plugin AndroidMedia
LogPluginManager: Mounting plugin AvfMedia
LogPluginManager: Mounting plugin ImgMedia
LogPluginManager: Mounting plugin MediaCompositing
LogPluginManager: Mounting plugin MediaPlayerEditor
LogPluginManager: Mounting plugin LuminPlatformFeatures
LogPluginManager: Mounting plugin SpeedTreeImporter
LogPluginManager: Mounting plugin MagicLeap
LogPluginManager: Mounting plugin WebMMedia
LogPluginManager: Mounting plugin WmfMedia
LogPluginManager: Mounting plugin MagicLeapLightEstimation
LogPluginManager: Mounting plugin AlembicImporter
LogPluginManager: Mounting plugin MagicLeapMedia
LogPluginManager: Mounting plugin MagicLeapPassableWorld
LogPluginManager: Mounting plugin AutomationUtils
LogPluginManager: Mounting plugin BackChannel
LogPluginManager: Mounting plugin ChaosCloth
LogPluginManager: Mounting plugin ChaosClothEditor
LogPluginManager: Mounting plugin MLSDK
LogPluginManager: Mounting plugin ChaosEditor
LogPluginManager: Mounting plugin ChaosNiagara
LogPluginManager: Mounting plugin ChaosSolverPlugin
LogPluginManager: Mounting plugin CharacterAI
LogPluginManager: Mounting plugin GeometryCache
LogPluginManager: Mounting plugin GeometryCollectionPlugin
LogPluginManager: Mounting plugin ActorSequence
LogPluginManager: Mounting plugin LevelSequenceEditor
LogPluginManager: Mounting plugin MatineeToLevelSequence
LogPluginManager: Mounting plugin TemplateSequence
LogPluginManager: Mounting plugin TcpMessaging
LogPluginManager: Mounting plugin UdpMessaging
LogPluginManager: Mounting plugin GeometryProcessing
LogPluginManager: Mounting plugin OpenImageDenoise
LogPluginManager: Mounting plugin MotoSynth
LogPluginManager: Mounting plugin PlanarCut
LogPluginManager: Mounting plugin PlatformCrypto
LogPluginManager: Mounting plugin ProxyLODPlugin
LogPluginManager: Mounting plugin PythonScriptPlugin
LogPluginManager: Mounting plugin SkeletalReduction
LogPluginManager: Mounting plugin OnlineSubsystem
LogPluginManager: Mounting plugin OnlineSubsystemNull
LogPluginManager: Mounting plugin OnlineSubsystemUtils
LogPluginManager: Mounting plugin LauncherChunkInstaller
LogPluginManager: Mounting plugin ActorLayerUtilities
LogPluginManager: Mounting plugin AndroidDeviceProfileSelector
LogPluginManager: Mounting plugin AndroidMoviePlayer
LogPluginManager: Mounting plugin AndroidPermission
LogPluginManager: Mounting plugin AppleImageUtils
LogPluginManager: Mounting plugin AppleMoviePlayer
LogPluginManager: Mounting plugin ArchVisCharacter
LogPluginManager: Mounting plugin AssetTags
LogPluginManager: Mounting plugin AudioCapture
LogPluginManager: Mounting plugin AudioSynesthesia
LogPluginManager: Mounting plugin CableComponent
LogPluginManager: Mounting plugin ChunkDownloader
LogPluginManager: Mounting plugin CustomMeshComponent
LogPluginManager: Mounting plugin EditableMesh
LogPluginManager: Mounting plugin ExampleDeviceProfileSelector
LogPluginManager: Mounting plugin GoogleCloudMessaging
LogPluginManager: Mounting plugin GooglePAD
LogPluginManager: Mounting plugin IOSDeviceProfileSelector
LogPluginManager: Mounting plugin LinuxDeviceProfileSelector
LogPluginManager: Mounting plugin LocationServicesBPLibrary
LogPluginManager: Mounting plugin MobilePatchingUtils
LogPluginManager: Mounting plugin OpenXR
LogPluginManager: Mounting plugin OpenXREyeTracker
LogPluginManager: Mounting plugin OpenXRHandTracking
LogPluginManager: Mounting plugin PhysXVehicles
LogPluginManager: Mounting plugin ScreenshotTools
LogPluginManager: Mounting plugin PostSplashScreen
LogPluginManager: Mounting plugin ProceduralMeshComponent
LogPluginManager: Mounting plugin PropertyAccessEditor
LogPluginManager: Mounting plugin Takes
LogPluginManager: Mounting plugin RuntimePhysXCooking
LogPluginManager: Mounting plugin SignificanceManager
LogPluginManager: Mounting plugin SoundFields
LogPluginManager: Mounting plugin Synthesis
LogPluginManager: Mounting plugin WebMMoviePlayer
LogPluginManager: Mounting plugin WindowsMoviePlayer
LogPluginManager: Mounting plugin CLionSourceCodeAccess
LogPluginManager: Mounting plugin CodeLiteSourceCodeAccess
LogPluginManager: Mounting plugin GitSourceControl
LogPluginManager: Mounting plugin KDevelopSourceCodeAccess
LogPluginManager: Mounting plugin NullSourceCodeAccess
LogPluginManager: Mounting plugin PerforceSourceControl
LogPluginManager: Mounting plugin PixWinPlugin
LogPluginManager: Mounting plugin PluginUtils
LogPluginManager: Mounting plugin PlasticSourceControl
LogPluginManager: Mounting plugin PropertyAccessNode
LogPluginManager: Mounting plugin RiderSourceCodeAccess
LogPluginManager: Mounting plugin SubversionSourceControl
LogPluginManager: Mounting plugin TextureFormatOodle
LogPluginManager: Mounting plugin UObjectPlugin
LogPluginManager: Mounting plugin VisualStudioCodeSourceCodeAccess
LogPluginManager: Mounting plugin VisualStudioSourceCodeAccess
LogPluginManager: Mounting plugin XCodeSourceCodeAccess
LogPluginManager: Mounting plugin ContentBrowserAssetDataSource
LogPluginManager: Mounting plugin ContentBrowserFileDataSource
LogPluginManager: Mounting plugin ContentBrowserClassDataSource
LogPluginManager: Mounting plugin OnlineSubsystemGooglePlay
LogPluginManager: Mounting plugin OnlineSubsystemIOS
LogPluginManager: Mounting plugin OculusVR
LogPluginManager: Mounting plugin SteamVR
LogInit: Using libcurl 7.55.1-DEV
LogInit:  - built for x86_64-pc-win32
LogInit:  - supports SSL with OpenSSL/1.1.1
LogInit:  - supports HTTP deflate (compression) using libz 1.2.8
LogInit:  - other features:
LogInit:      CURL_VERSION_SSL
LogInit:      CURL_VERSION_LIBZ
LogInit:      CURL_VERSION_IPV6
LogInit:      CURL_VERSION_ASYNCHDNS
LogInit:      CURL_VERSION_LARGEFILE
LogInit:      CURL_VERSION_IDN
LogInit:  CurlRequestOptions (configurable via config and command line):
LogInit:  - bVerifyPeer = true  - Libcurl will verify peer certificate
LogInit:  - bUseHttpProxy = false  - Libcurl will NOT use HTTP proxy
LogInit:  - bDontReuseConnections = false  - Libcurl will reuse connections
LogInit:  - MaxHostConnections = 16  - Libcurl will limit the number of connections to a host
LogInit:  - LocalHostAddr = Default
LogInit:  - BufferSize = 65536
LogOnline: OSS: Creating online subsystem instance for: NULL
LogInit: WinSock: version 1.1 (2.2), MaxSocks=32767, MaxUdp=65467
LogOnline: OSS: TryLoadSubsystemAndSetDefault: Loaded subsystem for module [NULL]
PixWinPlugin: PIX capture plugin failed to initialize! Check that the process is launched from PIX.
LogInit: Build: ++UE4+Release-4.27-CL-18319896
LogInit: Engine Version: 4.27.2-18319896+++UE4+Release-4.27
LogInit: Compatible Engine Version: 4.27.0-17155196+++UE4+Release-4.27
LogInit: Net CL: 17155196
LogInit: OS: Windows 10 (Release 2009) (), CPU: AMD Ryzen 7 5800X 8-Core Processor             , GPU: NVIDIA GeForce RTX 3060 Ti
LogInit: Compiled (64-bit): Nov 30 2021 07:12:08
LogInit: Compiled with Visual C++: 19.24.28315.00
LogInit: Build Configuration: Development
LogInit: Branch Name: ++UE4+Release-4.27
LogInit: Command Line:  "C:\Users\kyeongnyeong.lee\Documents\Unreal Projects\Chat_Client\Chat_Client.uproject" -run=VisualStudioTools -unattended -noshadercompile -noaudio -nullrhi -nocpuprofilertrace -nocrashreports -nosplash -output C:\Users\kyeongnyeong.lee\AppData\Local\Temp\tmp9ABE.tmp
LogInit: Base Directory: C:/Program Files/Epic Games/UE_4.27/Engine/Binaries/Win64/
LogInit: Allocator: TBB
LogInit: Installed Engine Build: 1
LogDevObjectVersion: Number of dev versions registered: 29
LogDevObjectVersion:   Dev-Blueprints (B0D832E4-1F89-4F0D-ACCF-7EB736FD4AA2): 10
LogDevObjectVersion:   Dev-Build (E1C64328-A22C-4D53-A36C-8E866417BD8C): 0
LogDevObjectVersion:   Dev-Core (375EC13C-06E4-48FB-B500-84F0262A717E): 4
LogDevObjectVersion:   Dev-Editor (E4B068ED-F494-42E9-A231-DA0B2E46BB41): 40
LogDevObjectVersion:   Dev-Framework (CFFC743F-43B0-4480-9391-14DF171D2073): 37
LogDevObjectVersion:   Dev-Mobile (B02B49B5-BB20-44E9-A304-32B752E40360): 3
LogDevObjectVersion:   Dev-Networking (A4E4105C-59A1-49B5-A7C5-40C4547EDFEE): 0
LogDevObjectVersion:   Dev-Online (39C831C9-5AE6-47DC-9A44-9C173E1C8E7C): 0
LogDevObjectVersion:   Dev-Physics (78F01B33-EBEA-4F98-B9B4-84EACCB95AA2): 14
LogDevObjectVersion:   Dev-Platform (6631380F-2D4D-43E0-8009-CF276956A95A): 0
LogDevObjectVersion:   Dev-Rendering (12F88B9F-8875-4AFC-A67C-D90C383ABD29): 45
LogDevObjectVersion:   Dev-Sequencer (7B5AE74C-D270-4C10-A958-57980B212A5A): 13
LogDevObjectVersion:   Dev-VR (D7296918-1DD6-4BDD-9DE2-64A83CC13884): 3
LogDevObjectVersion:   Dev-LoadTimes (C2A15278-BFE7-4AFE-6C17-90FF531DF755): 1
LogDevObjectVersion:   Private-Geometry (6EACA3D4-40EC-4CC1-B786-8BED09428FC5): 3
LogDevObjectVersion:   Dev-AnimPhys (29E575DD-E0A3-4627-9D10-D276232CDCEA): 17
LogDevObjectVersion:   Dev-Anim (AF43A65D-7FD3-4947-9873-3E8ED9C1BB05): 15
LogDevObjectVersion:   Dev-ReflectionCapture (6B266CEC-1EC7-4B8F-A30B-E4D90942FC07): 1
LogDevObjectVersion:   Dev-Automation (0DF73D61-A23F-47EA-B727-89E90C41499A): 1
LogDevObjectVersion:   FortniteMain (601D1886-AC64-4F84-AA16-D3DE0DEAC7D6): 47
LogDevObjectVersion:   FortniteRelease (E7086368-6B23-4C58-8439-1B7016265E91): 1
LogDevObjectVersion:   Dev-Enterprise (9DFFBCD6-494F-0158-E221-12823C92A888): 10
LogDevObjectVersion:   Dev-Niagara (F2AED0AC-9AFE-416F-8664-AA7FFA26D6FC): 1
LogDevObjectVersion:   Dev-Destruction (174F1F0B-B4C6-45A5-B13F-2EE8D0FB917D): 10
LogDevObjectVersion:   Dev-Physics-Ext (35F94A83-E258-406C-A318-09F59610247C): 41
LogDevObjectVersion:   Dev-PhysicsMaterial-Chaos (B68FC16E-8B1B-42E2-B453-215C058844FE): 1
LogDevObjectVersion:   Dev-CineCamera (B2E18506-4273-CFC2-A54E-F4BB758BBA07): 1
LogDevObjectVersion:   Dev-VirtualProduction (64F58936-FD1B-42BA-BA96-7289D5D0FA4E): 1
LogDevObjectVersion:   Dev-MediaFramework (6F0ED827-A609-4895-9C91-998D90180EA4): 2
LogInit: Presizing for max 25165824 objects, including 0 objects not considered by GC, pre-allocating 0 bytes for permanent pool.
LogConfig: Applying CVar settings from Section [/Script/Engine.StreamingSettings] File [C:/Users/kyeongnyeong.lee/Documents/Unreal Projects/Chat_Client/Saved/Config/Windows/Engine.ini]
LogConfig: Setting CVar [[s.MinBulkDataSizeForAsyncLoading:131072]]
LogConfig: Setting CVar [[s.AsyncLoadingThreadEnabled:0]]
LogConfig: Setting CVar [[s.EventDrivenLoaderEnabled:1]]
LogConfig: Setting CVar [[s.WarnIfTimeLimitExceeded:0]]
LogConfig: Setting CVar [[s.TimeLimitExceededMultiplier:1.5]]
LogConfig: Setting CVar [[s.TimeLimitExceededMinTime:0.005]]
LogConfig: Setting CVar [[s.UseBackgroundLevelStreaming:1]]
LogConfig: Setting CVar [[s.PriorityAsyncLoadingExtraTime:15.0]]
LogConfig: Setting CVar [[s.LevelStreamingActorsUpdateTimeLimit:5.0]]
LogConfig: Setting CVar [[s.PriorityLevelStreamingActorsUpdateExtraTime:5.0]]
LogConfig: Setting CVar [[s.LevelStreamingComponentsRegistrationGranularity:10]]
LogConfig: Setting CVar [[s.UnregisterComponentsTimeLimit:1.0]]
LogConfig: Setting CVar [[s.LevelStreamingComponentsUnregistrationGranularity:5]]
LogConfig: Setting CVar [[s.FlushStreamingOnExit:1]]
LogInit: Object subsystem initialized
LogConfig: Setting CVar [[con.DebugEarlyDefault:1]]
LogConfig: Setting CVar [[r.setres:1280x720]]
[2023.02.20-10.26.40:691][  0]LogConfig: Setting CVar [[con.DebugEarlyDefault:1]]
[2023.02.20-10.26.40:691][  0]LogConfig: Setting CVar [[r.setres:1280x720]]
[2023.02.20-10.26.40:691][  0]LogConfig: Applying CVar settings from Section [/Script/Engine.RendererSettings] File [C:/Users/kyeongnyeong.lee/Documents/Unreal Projects/Chat_Client/Saved/Config/Windows/Engine.ini]
[2023.02.20-10.26.40:691][  0]LogConfig: Setting CVar [[r.GPUCrashDebugging:0]]
[2023.02.20-10.26.40:691][  0]LogConfig: Applying CVar settings from Section [/Script/Engine.RendererOverrideSettings] File [C:/Users/kyeongnyeong.lee/Documents/Unreal Projects/Chat_Client/Saved/Config/Windows/Engine.ini]
[2023.02.20-10.26.40:691][  0]LogConfig: Applying CVar settings from Section [/Script/Engine.StreamingSettings] File [C:/Users/kyeongnyeong.lee/Documents/Unreal Projects/Chat_Client/Saved/Config/Windows/Engine.ini]
[2023.02.20-10.26.40:691][  0]LogConfig: Setting CVar [[s.MinBulkDataSizeForAsyncLoading:131072]]
[2023.02.20-10.26.40:691][  0]LogConfig: Setting CVar [[s.AsyncLoadingThreadEnabled:0]]
[2023.02.20-10.26.40:691][  0]LogConfig: Setting CVar [[s.EventDrivenLoaderEnabled:1]]
[2023.02.20-10.26.40:691][  0]LogConfig: Setting CVar [[s.WarnIfTimeLimitExceeded:0]]
[2023.02.20-10.26.40:691][  0]LogConfig: Setting CVar [[s.TimeLimitExceededMultiplier:1.5]]
[2023.02.20-10.26.40:691][  0]LogConfig: Setting CVar [[s.TimeLimitExceededMinTime:0.005]]
[2023.02.20-10.26.40:691][  0]LogConfig: Setting CVar [[s.UseBackgroundLevelStreaming:1]]
[2023.02.20-10.26.40:691][  0]LogConfig: Setting CVar [[s.PriorityAsyncLoadingExtraTime:15.0]]
[2023.02.20-10.26.40:691][  0]LogConfig: Setting CVar [[s.LevelStreamingActorsUpdateTimeLimit:5.0]]
[2023.02.20-10.26.40:691][  0]LogConfig: Setting CVar [[s.PriorityLevelStreamingActorsUpdateExtraTime:5.0]]
[2023.02.20-10.26.40:691][  0]LogConfig: Setting CVar [[s.LevelStreamingComponentsRegistrationGranularity:10]]
[2023.02.20-10.26.40:691][  0]LogConfig: Setting CVar [[s.UnregisterComponentsTimeLimit:1.0]]
[2023.02.20-10.26.40:691][  0]LogConfig: Setting CVar [[s.LevelStreamingComponentsUnregistrationGranularity:5]]
[2023.02.20-10.26.40:691][  0]LogConfig: Setting CVar [[s.FlushStreamingOnExit:1]]
[2023.02.20-10.26.40:691][  0]LogConfig: Applying CVar settings from Section [/Script/Engine.GarbageCollectionSettings] File [C:/Users/kyeongnyeong.lee/Documents/Unreal Projects/Chat_Client/Saved/Config/Windows/Engine.ini]
[2023.02.20-10.26.40:691][  0]LogConfig: Setting CVar [[gc.MaxObjectsNotConsideredByGC:1]]
[2023.02.20-10.26.40:691][  0]LogConfig: Setting CVar [[gc.SizeOfPermanentObjectPool:0]]
[2023.02.20-10.26.40:691][  0]LogConfig: Setting CVar [[gc.FlushStreamingOnGC:0]]
[2023.02.20-10.26.40:691][  0]LogConfig: Setting CVar [[gc.NumRetriesBeforeForcingGC:10]]
[2023.02.20-10.26.40:691][  0]LogConfig: Setting CVar [[gc.AllowParallelGC:1]]
[2023.02.20-10.26.40:691][  0]LogConfig: Setting CVar [[gc.TimeBetweenPurgingPendingKillObjects:61.1]]
[2023.02.20-10.26.40:691][  0]LogConfig: Setting CVar [[gc.MaxObjectsInEditor:25165824]]
[2023.02.20-10.26.40:691][  0]LogConfig: Setting CVar [[gc.IncrementalBeginDestroyEnabled:1]]
[2023.02.20-10.26.40:691][  0]LogConfig: Setting CVar [[gc.CreateGCClusters:1]]
[2023.02.20-10.26.40:691][  0]LogConfig: Setting CVar [[gc.MinGCClusterSize:5]]
[2023.02.20-10.26.40:691][  0]LogConfig: Setting CVar [[gc.ActorClusteringEnabled:0]]
[2023.02.20-10.26.40:691][  0]LogConfig: Setting CVar [[gc.BlueprintClusteringEnabled:0]]
[2023.02.20-10.26.40:691][  0]LogConfig: Setting CVar [[gc.UseDisregardForGCOnDedicatedServers:0]]
[2023.02.20-10.26.40:691][  0]LogConfig: Setting CVar [[gc.MultithreadedDestructionEnabled:1]]
[2023.02.20-10.26.40:691][  0]LogConfig: Applying CVar settings from Section [/Script/Engine.NetworkSettings] File [C:/Users/kyeongnyeong.lee/Documents/Unreal Projects/Chat_Client/Saved/Config/Windows/Engine.ini]
[2023.02.20-10.26.40:691][  0]LogConfig: Applying CVar settings from Section [/Script/UnrealEd.CookerSettings] File [C:/Users/kyeongnyeong.lee/Documents/Unreal Projects/Chat_Client/Saved/Config/Windows/Engine.ini]
[2023.02.20-10.26.40:691][  0]LogConfig: Applying CVar settings from Section [ViewDistanceQuality@3] File [C:/Users/kyeongnyeong.lee/Documents/Unreal Projects/Chat_Client/Saved/Config/Windows/Scalability.ini]
[2023.02.20-10.26.40:691][  0]LogConfig: Setting CVar [[r.SkeletalMeshLODBias:0]]
[2023.02.20-10.26.40:691][  0]LogConfig: Setting CVar [[r.ViewDistanceScale:1.0]]
[2023.02.20-10.26.40:691][  0]LogConfig: Applying CVar settings from Section [AntiAliasingQuality@3] File [C:/Users/kyeongnyeong.lee/Documents/Unreal Projects/Chat_Client/Saved/Config/Windows/Scalability.ini]
[2023.02.20-10.26.40:692][  0]LogConfig: Setting CVar [[r.PostProcessAAQuality:4]]
[2023.02.20-10.26.40:692][  0]LogConfig: Applying CVar settings from Section [ShadowQuality@3] File [C:/Users/kyeongnyeong.lee/Documents/Unreal Projects/Chat_Client/Saved/Config/Windows/Scalability.ini]
[2023.02.20-10.26.40:692][  0]LogConfig: Setting CVar [[r.LightFunctionQuality:1]]
[2023.02.20-10.26.40:692][  0]LogConfig: Setting CVar [[r.ShadowQuality:5]]
[2023.02.20-10.26.40:692][  0]LogConfig: Setting CVar [[r.Shadow.CSM.MaxCascades:10]]
[2023.02.20-10.26.40:692][  0]LogConfig: Setting CVar [[r.Shadow.MaxResolution:2048]]
[2023.02.20-10.26.40:692][  0]LogConfig: Setting CVar [[r.Shadow.MaxCSMResolution:2048]]
[2023.02.20-10.26.40:692][  0]LogConfig: Setting CVar [[r.Shadow.RadiusThreshold:0.01]]
[2023.02.20-10.26.40:692][  0]LogConfig: Setting CVar [[r.Shadow.DistanceScale:1.0]]
[2023.02.20-10.26.40:692][  0]LogConfig: Setting CVar [[r.Shadow.CSM.TransitionScale:1.0]]
[2023.02.20-10.26.40:692][  0]LogConfig: Setting CVar [[r.Shadow.PreShadowResolutionFactor:1.0]]
[2023.02.20-10.26.40:692][  0]LogConfig: Setting CVar [[r.DistanceFieldShadowing:1]]
[2023.02.20-10.26.40:692][  0]LogConfig: Setting CVar [[r.DistanceFieldAO:1]]
[2023.02.20-10.26.40:692][  0]LogConfig: Setting CVar [[r.AOQuality:2]]
[2023.02.20-10.26.40:692][  0]LogConfig: Setting CVar [[r.VolumetricFog:1]]
[2023.02.20-10.26.40:692][  0]LogConfig: Setting CVar [[r.VolumetricFog.GridPixelSize:8]]
[2023.02.20-10.26.40:692][  0]LogConfig: Setting CVar [[r.VolumetricFog.GridSizeZ:128]]
[2023.02.20-10.26.40:692][  0]LogConfig: Setting CVar [[r.VolumetricFog.HistoryMissSupersampleCount:4]]
[2023.02.20-10.26.40:692][  0]LogConfig: Setting CVar [[r.LightMaxDrawDistanceScale:1]]
[2023.02.20-10.26.40:692][  0]LogConfig: Setting CVar [[r.CapsuleShadows:1]]
[2023.02.20-10.26.40:692][  0]LogConfig: Applying CVar settings from Section [PostProcessQuality@3] File [C:/Users/kyeongnyeong.lee/Documents/Unreal Projects/Chat_Client/Saved/Config/Windows/Scalability.ini]
[2023.02.20-10.26.40:692][  0]LogConfig: Setting CVar [[r.MotionBlurQuality:4]]
[2023.02.20-10.26.40:692][  0]LogConfig: Setting CVar [[r.AmbientOcclusionMipLevelFactor:0.4]]
[2023.02.20-10.26.40:692][  0]LogConfig: Setting CVar [[r.AmbientOcclusionMaxQuality:100]]
[2023.02.20-10.26.40:692][  0]LogConfig: Setting CVar [[r.AmbientOcclusionLevels:-1]]
[2023.02.20-10.26.40:692][  0]LogConfig: Setting CVar [[r.AmbientOcclusionRadiusScale:1.0]]
[2023.02.20-10.26.40:692][  0]LogConfig: Setting CVar [[r.DepthOfFieldQuality:2]]
[2023.02.20-10.26.40:692][  0]LogConfig: Setting CVar [[r.RenderTargetPoolMin:400]]
[2023.02.20-10.26.40:692][  0]LogConfig: Setting CVar [[r.LensFlareQuality:2]]
[2023.02.20-10.26.40:692][  0]LogConfig: Setting CVar [[r.SceneColorFringeQuality:1]]
[2023.02.20-10.26.40:692][  0]LogConfig: Setting CVar [[r.EyeAdaptationQuality:2]]
[2023.02.20-10.26.40:692][  0]LogConfig: Setting CVar [[r.BloomQuality:5]]
[2023.02.20-10.26.40:692][  0]LogConfig: Setting CVar [[r.FastBlurThreshold:100]]
[2023.02.20-10.26.40:692][  0]LogConfig: Setting CVar [[r.Upscale.Quality:3]]
[2023.02.20-10.26.40:692][  0]LogConfig: Setting CVar [[r.Tonemapper.GrainQuantization:1]]
[2023.02.20-10.26.40:692][  0]LogConfig: Setting CVar [[r.LightShaftQuality:1]]
[2023.02.20-10.26.40:692][  0]LogConfig: Setting CVar [[r.Filter.SizeScale:1]]
[2023.02.20-10.26.40:692][  0]LogConfig: Setting CVar [[r.Tonemapper.Quality:5]]
[2023.02.20-10.26.40:692][  0]LogConfig: Setting CVar [[r.DOF.Gather.AccumulatorQuality:1        ; higher gathering accumulator quality]]
[2023.02.20-10.26.40:692][  0]LogConfig: Setting CVar [[r.DOF.Gather.PostfilterMethod:1          ; Median3x3 postfilering method]]
[2023.02.20-10.26.40:692][  0]LogConfig: Setting CVar [[r.DOF.Gather.EnableBokehSettings:0       ; no bokeh simulation when gathering]]
[2023.02.20-10.26.40:692][  0]LogConfig: Setting CVar [[r.DOF.Gather.RingCount:4                 ; medium number of samples when gathering]]
[2023.02.20-10.26.40:692][  0]LogConfig: Setting CVar [[r.DOF.Scatter.ForegroundCompositing:1    ; additive foreground scattering]]
[2023.02.20-10.26.40:692][  0]LogConfig: Setting CVar [[r.DOF.Scatter.BackgroundCompositing:2    ; additive background scattering]]
[2023.02.20-10.26.40:692][  0]LogConfig: Setting CVar [[r.DOF.Scatter.EnableBokehSettings:1      ; bokeh simulation when scattering]]
[2023.02.20-10.26.40:692][  0]LogConfig: Setting CVar [[r.DOF.Scatter.MaxSpriteRatio:0.1         ; only a maximum of 10% of scattered bokeh]]
[2023.02.20-10.26.40:692][  0]LogConfig: Setting CVar [[r.DOF.Recombine.Quality:1                ; cheap slight out of focus]]
[2023.02.20-10.26.40:692][  0]LogConfig: Setting CVar [[r.DOF.Recombine.EnableBokehSettings:0    ; no bokeh simulation on slight out of focus]]
[2023.02.20-10.26.40:692][  0]LogConfig: Setting CVar [[r.DOF.TemporalAAQuality:1                ; more stable temporal accumulation]]
[2023.02.20-10.26.40:692][  0]LogConfig: Setting CVar [[r.DOF.Kernel.MaxForegroundRadius:0.025]]
[2023.02.20-10.26.40:692][  0]LogConfig: Setting CVar [[r.DOF.Kernel.MaxBackgroundRadius:0.025]]
[2023.02.20-10.26.40:692][  0]LogConfig: Applying CVar settings from Section [TextureQuality@3] File [C:/Users/kyeongnyeong.lee/Documents/Unreal Projects/Chat_Client/Saved/Config/Windows/Scalability.ini]
[2023.02.20-10.26.40:692][  0]LogConfig: Setting CVar [[r.Streaming.MipBias:0]]
[2023.02.20-10.26.40:692][  0]LogConfig: Setting CVar [[r.Streaming.AmortizeCPUToGPUCopy:0]]
[2023.02.20-10.26.40:692][  0]LogConfig: Setting CVar [[r.Streaming.MaxNumTexturesToStreamPerFrame:0]]
[2023.02.20-10.26.40:692][  0]LogConfig: Setting CVar [[r.Streaming.Boost:1]]
[2023.02.20-10.26.40:692][  0]LogConfig: Setting CVar [[r.MaxAnisotropy:8]]
[2023.02.20-10.26.40:692][  0]LogConfig: Setting CVar [[r.VT.MaxAnisotropy:8]]
[2023.02.20-10.26.40:692][  0]LogConfig: Setting CVar [[r.Streaming.LimitPoolSizeToVRAM:0]]
[2023.02.20-10.26.40:692][  0]LogConfig: Setting CVar [[r.Streaming.PoolSize:1000]]
[2023.02.20-10.26.40:692][  0]LogConfig: Setting CVar [[r.Streaming.MaxEffectiveScreenSize:0]]
[2023.02.20-10.26.40:692][  0]LogConfig: Applying CVar settings from Section [EffectsQuality@3] File [C:/Users/kyeongnyeong.lee/Documents/Unreal Projects/Chat_Client/Saved/Config/Windows/Scalability.ini]
[2023.02.20-10.26.40:692][  0]LogConfig: Setting CVar [[r.TranslucencyLightingVolumeDim:64]]
[2023.02.20-10.26.40:692][  0]LogConfig: Setting CVar [[r.RefractionQuality:2]]
[2023.02.20-10.26.40:692][  0]LogConfig: Setting CVar [[r.SSR.Quality:3]]
[2023.02.20-10.26.40:692][  0]LogConfig: Setting CVar [[r.SSR.HalfResSceneColor:0]]
[2023.02.20-10.26.40:692][  0]LogConfig: Setting CVar [[r.SceneColorFormat:4]]
[2023.02.20-10.26.40:692][  0]LogConfig: Setting CVar [[r.DetailMode:2]]
[2023.02.20-10.26.40:692][  0]LogConfig: Setting CVar [[r.TranslucencyVolumeBlur:1]]
[2023.02.20-10.26.40:692][  0]LogConfig: Setting CVar [[r.MaterialQualityLevel:1 ; High quality]]
[2023.02.20-10.26.40:692][  0]LogConfig: Setting CVar [[r.AnisotropicMaterials:1]]
[2023.02.20-10.26.40:692][  0]LogConfig: Setting CVar [[r.SSS.Scale:1]]
[2023.02.20-10.26.40:692][  0]LogConfig: Setting CVar [[r.SSS.SampleSet:2]]
[2023.02.20-10.26.40:692][  0]LogConfig: Setting CVar [[r.SSS.Quality:1]]
[2023.02.20-10.26.40:692][  0]LogConfig: Setting CVar [[r.SSS.HalfRes:0]]
[2023.02.20-10.26.40:692][  0]LogConfig: Setting CVar [[r.SSGI.Quality:3]]
[2023.02.20-10.26.40:692][  0]LogConfig: Setting CVar [[r.EmitterSpawnRateScale:1.0]]
[2023.02.20-10.26.40:692][  0]LogConfig: Setting CVar [[r.ParticleLightQuality:2]]
[2023.02.20-10.26.40:692][  0]LogConfig: Setting CVar [[r.SkyAtmosphere.AerialPerspectiveLUT.FastApplyOnOpaque:1 ; Always have FastSkyLUT 1 in this case to avoid wrong sky]]
[2023.02.20-10.26.40:692][  0]LogConfig: Setting CVar [[r.SkyAtmosphere.AerialPerspectiveLUT.SampleCountMaxPerSlice:4]]
[2023.02.20-10.26.40:692][  0]LogConfig: Setting CVar [[r.SkyAtmosphere.AerialPerspectiveLUT.DepthResolution:16.0]]
[2023.02.20-10.26.40:692][  0]LogConfig: Setting CVar [[r.SkyAtmosphere.FastSkyLUT:1]]
[2023.02.20-10.26.40:692][  0]LogConfig: Setting CVar [[r.SkyAtmosphere.FastSkyLUT.SampleCountMin:4.0]]
[2023.02.20-10.26.40:692][  0]LogConfig: Setting CVar [[r.SkyAtmosphere.FastSkyLUT.SampleCountMax:128.0]]
[2023.02.20-10.26.40:692][  0]LogConfig: Setting CVar [[r.SkyAtmosphere.SampleCountMin:4.0]]
[2023.02.20-10.26.40:692][  0]LogConfig: Setting CVar [[r.SkyAtmosphere.SampleCountMax:128.0]]
[2023.02.20-10.26.40:692][  0]LogConfig: Setting CVar [[r.SkyAtmosphere.TransmittanceLUT.UseSmallFormat:0]]
[2023.02.20-10.26.40:692][  0]LogConfig: Setting CVar [[r.SkyAtmosphere.TransmittanceLUT.SampleCount:10.0]]
[2023.02.20-10.26.40:692][  0]LogConfig: Setting CVar [[r.SkyAtmosphere.MultiScatteringLUT.SampleCount:15.0]]
[2023.02.20-10.26.40:692][  0]LogConfig: Setting CVar [[r.SkyLight.RealTimeReflectionCapture:1]]
[2023.02.20-10.26.40:692][  0]LogConfig: Applying CVar settings from Section [FoliageQuality@3] File [C:/Users/kyeongnyeong.lee/Documents/Unreal Projects/Chat_Client/Saved/Config/Windows/Scalability.ini]
[2023.02.20-10.26.40:692][  0]LogConfig: Setting CVar [[foliage.DensityScale:1.0]]
[2023.02.20-10.26.40:692][  0]LogConfig: Setting CVar [[grass.DensityScale:1.0]]
[2023.02.20-10.26.40:692][  0]LogConfig: Applying CVar settings from Section [ShadingQuality@3] File [C:/Users/kyeongnyeong.lee/Documents/Unreal Projects/Chat_Client/Saved/Config/Windows/Scalability.ini]
[2023.02.20-10.26.40:692][  0]LogConfig: Setting CVar [[r.HairStrands.SkyLighting.IntegrationType:2]]
[2023.02.20-10.26.40:692][  0]LogConfig: Setting CVar [[r.HairStrands.SkyAO.SampleCount:4]]
[2023.02.20-10.26.40:692][  0]LogConfig: Setting CVar [[r.HairStrands.Visibility.MSAA.SamplePerPixel:4]]
[2023.02.20-10.26.40:695][  0]LogInit: Selected Device Profile: [Windows]
[2023.02.20-10.26.40:695][  0]LogInit: Applying CVar settings loaded from the selected device profile: [Windows]
[2023.02.20-10.26.40:695][  0]LogHAL: Display: Platform has ~ 64 GB [68594847744 / 68719476736 / 64], which maps to Largest [LargestMinGB=32, LargerMinGB=12, DefaultMinGB=8, SmallerMinGB=6, SmallestMinGB=0)
[2023.02.20-10.26.40:695][  0]LogInit: Going up to parent DeviceProfile []
[2023.02.20-10.26.40:695][  0]LogConfig: Applying CVar settings from Section [ViewDistanceQuality@3] File [C:/Users/kyeongnyeong.lee/Documents/Unreal Projects/Chat_Client/Saved/Config/Windows/Scalability.ini]
[2023.02.20-10.26.40:696][  0]LogConfig: Setting CVar [[r.SkeletalMeshLODBias:0]]
[2023.02.20-10.26.40:696][  0]LogConfig: Setting CVar [[r.ViewDistanceScale:1.0]]
[2023.02.20-10.26.40:696][  0]LogConfig: Applying CVar settings from Section [AntiAliasingQuality@3] File [C:/Users/kyeongnyeong.lee/Documents/Unreal Projects/Chat_Client/Saved/Config/Windows/Scalability.ini]
[2023.02.20-10.26.40:696][  0]LogConfig: Setting CVar [[r.PostProcessAAQuality:4]]
[2023.02.20-10.26.40:696][  0]LogConfig: Applying CVar settings from Section [ShadowQuality@3] File [C:/Users/kyeongnyeong.lee/Documents/Unreal Projects/Chat_Client/Saved/Config/Windows/Scalability.ini]
[2023.02.20-10.26.40:696][  0]LogConfig: Setting CVar [[r.LightFunctionQuality:1]]
[2023.02.20-10.26.40:696][  0]LogConfig: Setting CVar [[r.ShadowQuality:5]]
[2023.02.20-10.26.40:696][  0]LogConfig: Setting CVar [[r.Shadow.CSM.MaxCascades:10]]
[2023.02.20-10.26.40:696][  0]LogConfig: Setting CVar [[r.Shadow.MaxResolution:2048]]
[2023.02.20-10.26.40:696][  0]LogConfig: Setting CVar [[r.Shadow.MaxCSMResolution:2048]]
[2023.02.20-10.26.40:696][  0]LogConfig: Setting CVar [[r.Shadow.RadiusThreshold:0.01]]
[2023.02.20-10.26.40:696][  0]LogConfig: Setting CVar [[r.Shadow.DistanceScale:1.0]]
[2023.02.20-10.26.40:696][  0]LogConfig: Setting CVar [[r.Shadow.CSM.TransitionScale:1.0]]
[2023.02.20-10.26.40:696][  0]LogConfig: Setting CVar [[r.Shadow.PreShadowResolutionFactor:1.0]]
[2023.02.20-10.26.40:696][  0]LogConfig: Setting CVar [[r.DistanceFieldShadowing:1]]
[2023.02.20-10.26.40:696][  0]LogConfig: Setting CVar [[r.DistanceFieldAO:1]]
[2023.02.20-10.26.40:696][  0]LogConfig: Setting CVar [[r.AOQuality:2]]
[2023.02.20-10.26.40:696][  0]LogConfig: Setting CVar [[r.VolumetricFog:1]]
[2023.02.20-10.26.40:696][  0]LogConfig: Setting CVar [[r.VolumetricFog.GridPixelSize:8]]
[2023.02.20-10.26.40:696][  0]LogConfig: Setting CVar [[r.VolumetricFog.GridSizeZ:128]]
[2023.02.20-10.26.40:696][  0]LogConfig: Setting CVar [[r.VolumetricFog.HistoryMissSupersampleCount:4]]
[2023.02.20-10.26.40:696][  0]LogConfig: Setting CVar [[r.LightMaxDrawDistanceScale:1]]
[2023.02.20-10.26.40:696][  0]LogConfig: Setting CVar [[r.CapsuleShadows:1]]
[2023.02.20-10.26.40:696][  0]LogConfig: Applying CVar settings from Section [PostProcessQuality@3] File [C:/Users/kyeongnyeong.lee/Documents/Unreal Projects/Chat_Client/Saved/Config/Windows/Scalability.ini]
[2023.02.20-10.26.40:696][  0]LogConfig: Setting CVar [[r.MotionBlurQuality:4]]
[2023.02.20-10.26.40:696][  0]LogConfig: Setting CVar [[r.AmbientOcclusionMipLevelFactor:0.4]]
[2023.02.20-10.26.40:696][  0]LogConfig: Setting CVar [[r.AmbientOcclusionMaxQuality:100]]
[2023.02.20-10.26.40:696][  0]LogConfig: Setting CVar [[r.AmbientOcclusionLevels:-1]]
[2023.02.20-10.26.40:696][  0]LogConfig: Setting CVar [[r.AmbientOcclusionRadiusScale:1.0]]
[2023.02.20-10.26.40:696][  0]LogConfig: Setting CVar [[r.DepthOfFieldQuality:2]]
[2023.02.20-10.26.40:696][  0]LogConfig: Setting CVar [[r.RenderTargetPoolMin:400]]
[2023.02.20-10.26.40:696][  0]LogConfig: Setting CVar [[r.LensFlareQuality:2]]
[2023.02.20-10.26.40:696][  0]LogConfig: Setting CVar [[r.SceneColorFringeQuality:1]]
[2023.02.20-10.26.40:696][  0]LogConfig: Setting CVar [[r.EyeAdaptationQuality:2]]
[2023.02.20-10.26.40:696][  0]LogConfig: Setting CVar [[r.BloomQuality:5]]
[2023.02.20-10.26.40:696][  0]LogConfig: Setting CVar [[r.FastBlurThreshold:100]]
[2023.02.20-10.26.40:696][  0]LogConfig: Setting CVar [[r.Upscale.Quality:3]]
[2023.02.20-10.26.40:696][  0]LogConfig: Setting CVar [[r.Tonemapper.GrainQuantization:1]]
[2023.02.20-10.26.40:696][  0]LogConfig: Setting CVar [[r.LightShaftQuality:1]]
[2023.02.20-10.26.40:696][  0]LogConfig: Setting CVar [[r.Filter.SizeScale:1]]
[2023.02.20-10.26.40:696][  0]LogConfig: Setting CVar [[r.Tonemapper.Quality:5]]
[2023.02.20-10.26.40:696][  0]LogConfig: Setting CVar [[r.DOF.Gather.AccumulatorQuality:1        ; higher gathering accumulator quality]]
[2023.02.20-10.26.40:696][  0]LogConfig: Setting CVar [[r.DOF.Gather.PostfilterMethod:1          ; Median3x3 postfilering method]]
[2023.02.20-10.26.40:696][  0]LogConfig: Setting CVar [[r.DOF.Gather.EnableBokehSettings:0       ; no bokeh simulation when gathering]]
[2023.02.20-10.26.40:696][  0]LogConfig: Setting CVar [[r.DOF.Gather.RingCount:4                 ; medium number of samples when gathering]]
[2023.02.20-10.26.40:696][  0]LogConfig: Setting CVar [[r.DOF.Scatter.ForegroundCompositing:1    ; additive foreground scattering]]
[2023.02.20-10.26.40:696][  0]LogConfig: Setting CVar [[r.DOF.Scatter.BackgroundCompositing:2    ; additive background scattering]]
[2023.02.20-10.26.40:696][  0]LogConfig: Setting CVar [[r.DOF.Scatter.EnableBokehSettings:1      ; bokeh simulation when scattering]]
[2023.02.20-10.26.40:696][  0]LogConfig: Setting CVar [[r.DOF.Scatter.MaxSpriteRatio:0.1         ; only a maximum of 10% of scattered bokeh]]
[2023.02.20-10.26.40:696][  0]LogConfig: Setting CVar [[r.DOF.Recombine.Quality:1                ; cheap slight out of focus]]
[2023.02.20-10.26.40:696][  0]LogConfig: Setting CVar [[r.DOF.Recombine.EnableBokehSettings:0    ; no bokeh simulation on slight out of focus]]
[2023.02.20-10.26.40:696][  0]LogConfig: Setting CVar [[r.DOF.TemporalAAQuality:1                ; more stable temporal accumulation]]
[2023.02.20-10.26.40:696][  0]LogConfig: Setting CVar [[r.DOF.Kernel.MaxForegroundRadius:0.025]]
[2023.02.20-10.26.40:696][  0]LogConfig: Setting CVar [[r.DOF.Kernel.MaxBackgroundRadius:0.025]]
[2023.02.20-10.26.40:696][  0]LogConfig: Applying CVar settings from Section [TextureQuality@3] File [C:/Users/kyeongnyeong.lee/Documents/Unreal Projects/Chat_Client/Saved/Config/Windows/Scalability.ini]
[2023.02.20-10.26.40:696][  0]LogConfig: Setting CVar [[r.Streaming.MipBias:0]]
[2023.02.20-10.26.40:696][  0]LogConfig: Setting CVar [[r.Streaming.AmortizeCPUToGPUCopy:0]]
[2023.02.20-10.26.40:696][  0]LogConfig: Setting CVar [[r.Streaming.MaxNumTexturesToStreamPerFrame:0]]
[2023.02.20-10.26.40:696][  0]LogConfig: Setting CVar [[r.Streaming.Boost:1]]
[2023.02.20-10.26.40:696][  0]LogConfig: Setting CVar [[r.MaxAnisotropy:8]]
[2023.02.20-10.26.40:696][  0]LogConfig: Setting CVar [[r.VT.MaxAnisotropy:8]]
[2023.02.20-10.26.40:696][  0]LogConfig: Setting CVar [[r.Streaming.LimitPoolSizeToVRAM:0]]
[2023.02.20-10.26.40:696][  0]LogConfig: Setting CVar [[r.Streaming.PoolSize:1000]]
[2023.02.20-10.26.40:696][  0]LogConfig: Setting CVar [[r.Streaming.MaxEffectiveScreenSize:0]]
[2023.02.20-10.26.40:696][  0]LogConfig: Applying CVar settings from Section [EffectsQuality@3] File [C:/Users/kyeongnyeong.lee/Documents/Unreal Projects/Chat_Client/Saved/Config/Windows/Scalability.ini]
[2023.02.20-10.26.40:696][  0]LogConfig: Setting CVar [[r.TranslucencyLightingVolumeDim:64]]
[2023.02.20-10.26.40:696][  0]LogConfig: Setting CVar [[r.RefractionQuality:2]]
[2023.02.20-10.26.40:696][  0]LogConfig: Setting CVar [[r.SSR.Quality:3]]
[2023.02.20-10.26.40:696][  0]LogConfig: Setting CVar [[r.SSR.HalfResSceneColor:0]]
[2023.02.20-10.26.40:696][  0]LogConfig: Setting CVar [[r.SceneColorFormat:4]]
[2023.02.20-10.26.40:696][  0]LogConfig: Setting CVar [[r.DetailMode:2]]
[2023.02.20-10.26.40:696][  0]LogConfig: Setting CVar [[r.TranslucencyVolumeBlur:1]]
[2023.02.20-10.26.40:696][  0]LogConfig: Setting CVar [[r.MaterialQualityLevel:1 ; High quality]]
[2023.02.20-10.26.40:696][  0]LogConfig: Setting CVar [[r.AnisotropicMaterials:1]]
[2023.02.20-10.26.40:696][  0]LogConfig: Setting CVar [[r.SSS.Scale:1]]
[2023.02.20-10.26.40:696][  0]LogConfig: Setting CVar [[r.SSS.SampleSet:2]]
[2023.02.20-10.26.40:696][  0]LogConfig: Setting CVar [[r.SSS.Quality:1]]
[2023.02.20-10.26.40:696][  0]LogConfig: Setting CVar [[r.SSS.HalfRes:0]]
[2023.02.20-10.26.40:696][  0]LogConfig: Setting CVar [[r.SSGI.Quality:3]]
[2023.02.20-10.26.40:696][  0]LogConfig: Setting CVar [[r.EmitterSpawnRateScale:1.0]]
[2023.02.20-10.26.40:696][  0]LogConfig: Setting CVar [[r.ParticleLightQuality:2]]
[2023.02.20-10.26.40:696][  0]LogConfig: Setting CVar [[r.SkyAtmosphere.AerialPerspectiveLUT.FastApplyOnOpaque:1 ; Always have FastSkyLUT 1 in this case to avoid wrong sky]]
[2023.02.20-10.26.40:696][  0]LogConfig: Setting CVar [[r.SkyAtmosphere.AerialPerspectiveLUT.SampleCountMaxPerSlice:4]]
[2023.02.20-10.26.40:696][  0]LogConfig: Setting CVar [[r.SkyAtmosphere.AerialPerspectiveLUT.DepthResolution:16.0]]
[2023.02.20-10.26.40:696][  0]LogConfig: Setting CVar [[r.SkyAtmosphere.FastSkyLUT:1]]
[2023.02.20-10.26.40:696][  0]LogConfig: Setting CVar [[r.SkyAtmosphere.FastSkyLUT.SampleCountMin:4.0]]
[2023.02.20-10.26.40:696][  0]LogConfig: Setting CVar [[r.SkyAtmosphere.FastSkyLUT.SampleCountMax:128.0]]
[2023.02.20-10.26.40:696][  0]LogConfig: Setting CVar [[r.SkyAtmosphere.SampleCountMin:4.0]]
[2023.02.20-10.26.40:696][  0]LogConfig: Setting CVar [[r.SkyAtmosphere.SampleCountMax:128.0]]
[2023.02.20-10.26.40:696][  0]LogConfig: Setting CVar [[r.SkyAtmosphere.TransmittanceLUT.UseSmallFormat:0]]
[2023.02.20-10.26.40:696][  0]LogConfig: Setting CVar [[r.SkyAtmosphere.TransmittanceLUT.SampleCount:10.0]]
[2023.02.20-10.26.40:696][  0]LogConfig: Setting CVar [[r.SkyAtmosphere.MultiScatteringLUT.SampleCount:15.0]]
[2023.02.20-10.26.40:696][  0]LogConfig: Setting CVar [[r.SkyLight.RealTimeReflectionCapture:1]]
[2023.02.20-10.26.40:696][  0]LogConfig: Applying CVar settings from Section [FoliageQuality@3] File [C:/Users/kyeongnyeong.lee/Documents/Unreal Projects/Chat_Client/Saved/Config/Windows/Scalability.ini]
[2023.02.20-10.26.40:696][  0]LogConfig: Setting CVar [[foliage.DensityScale:1.0]]
[2023.02.20-10.26.40:696][  0]LogConfig: Setting CVar [[grass.DensityScale:1.0]]
[2023.02.20-10.26.40:696][  0]LogConfig: Applying CVar settings from Section [ShadingQuality@3] File [C:/Users/kyeongnyeong.lee/Documents/Unreal Projects/Chat_Client/Saved/Config/Windows/Scalability.ini]
[2023.02.20-10.26.40:696][  0]LogConfig: Setting CVar [[r.HairStrands.SkyLighting.IntegrationType:2]]
[2023.02.20-10.26.40:696][  0]LogConfig: Setting CVar [[r.HairStrands.SkyAO.SampleCount:4]]
[2023.02.20-10.26.40:696][  0]LogConfig: Setting CVar [[r.HairStrands.Visibility.MSAA.SamplePerPixel:4]]
[2023.02.20-10.26.40:696][  0]LogConfig: Applying CVar settings from Section [Startup] File [../../../Engine/Config/ConsoleVariables.ini]
[2023.02.20-10.26.40:697][  0]LogConfig: Setting CVar [[net.UseAdaptiveNetUpdateFrequency:0]]
[2023.02.20-10.26.40:697][  0]LogConfig: Setting CVar [[p.chaos.AllowCreatePhysxBodies:1]]
[2023.02.20-10.26.40:697][  0]LogConfig: Setting CVar [[fx.SkipVectorVMBackendOptimizations:1]]
[2023.02.20-10.26.40:697][  0]LogConfig: Applying CVar settings from Section [ConsoleVariables] File [C:/Users/kyeongnyeong.lee/Documents/Unreal Projects/Chat_Client/Saved/Config/Windows/Engine.ini]
[2023.02.20-10.26.40:697][  0]LogConfig: Applying CVar settings from Section [ConsoleVariables] File [C:/Users/kyeongnyeong.lee/Documents/Unreal Projects/Chat_Client/Saved/Config/Windows/Editor.ini]
[2023.02.20-10.26.40:697][  0]LogInit: Computer: TG-P2302012
[2023.02.20-10.26.40:697][  0]LogInit: User: kyeongnyeonglee
[2023.02.20-10.26.40:697][  0]LogInit: CPU Page size=4096, Cores=8
[2023.02.20-10.26.40:697][  0]LogInit: High frequency timer resolution =10.000000 MHz
[2023.02.20-10.26.40:697][  0]LogMemory: Memory total: Physical=63.9GB (64GB approx)
[2023.02.20-10.26.40:697][  0]LogMemory: Platform Memory Stats for Windows
[2023.02.20-10.26.40:697][  0]LogMemory: Process Physical Memory: 140.57 MB used, 140.57 MB peak
[2023.02.20-10.26.40:697][  0]LogMemory: Process Virtual Memory: 112.35 MB used, 112.35 MB peak
[2023.02.20-10.26.40:697][  0]LogMemory: Physical Memory: 18555.31 MB used,  46861.83 MB free, 65417.14 MB total
[2023.02.20-10.26.40:697][  0]LogMemory: Virtual Memory: 134165288.00 MB used,  52438.55 MB free, 134217728.00 MB total
[2023.02.20-10.26.40:703][  0]LogWindows: WindowsPlatformFeatures enabled
[2023.02.20-10.26.40:754][  0]LogInit: Physics initialised using underlying interface: PhysX
[2023.02.20-10.26.40:754][  0]LogInit: Using OS detected language (ko-KR).
[2023.02.20-10.26.40:754][  0]LogInit: Using OS detected locale (ko-KR).
[2023.02.20-10.26.40:759][  0]LogTextLocalizationManager: No specific localization for 'ko-KR' exists, so the 'ko' localization will be used.
[2023.02.20-10.26.41:231][  0]LogTargetPlatformManager: Display: Loaded TargetPlatform 'AllDesktop'
[2023.02.20-10.26.41:250][  0]LogTargetPlatformManager: Display: Loaded TargetPlatform 'Android'
[2023.02.20-10.26.41:250][  0]LogTargetPlatformManager: Display: Loaded TargetPlatform 'Android_ASTC'
[2023.02.20-10.26.41:250][  0]LogTargetPlatformManager: Display: Loaded TargetPlatform 'Android_DXT'
[2023.02.20-10.26.41:250][  0]LogTargetPlatformManager: Display: Loaded TargetPlatform 'Android_ETC2'
[2023.02.20-10.26.41:250][  0]LogTargetPlatformManager: Display: Loaded TargetPlatform 'AndroidClient'
[2023.02.20-10.26.41:250][  0]LogTargetPlatformManager: Display: Loaded TargetPlatform 'Android_ASTCClient'
[2023.02.20-10.26.41:250][  0]LogTargetPlatformManager: Display: Loaded TargetPlatform 'Android_DXTClient'
[2023.02.20-10.26.41:250][  0]LogTargetPlatformManager: Display: Loaded TargetPlatform 'Android_ETC2Client'
[2023.02.20-10.26.41:250][  0]LogTargetPlatformManager: Display: Loaded TargetPlatform 'Android_Multi'
[2023.02.20-10.26.41:250][  0]LogTargetPlatformManager: Display: Loaded TargetPlatform 'Android_MultiClient'
[2023.02.20-10.26.41:267][  0]LogTargetPlatformManager: Display: Loaded TargetPlatform 'IOSClient'
[2023.02.20-10.26.41:267][  0]LogTargetPlatformManager: Display: Loaded TargetPlatform 'IOS'
[2023.02.20-10.26.41:277][  0]LogTargetPlatformManager: Display: Loaded TargetPlatform 'Linux'
[2023.02.20-10.26.41:281][  0]LogTargetPlatformManager: Display: Loaded TargetPlatform 'LinuxNoEditor'
[2023.02.20-10.26.41:285][  0]LogTargetPlatformManager: Display: Loaded TargetPlatform 'LinuxClient'
[2023.02.20-10.26.41:289][  0]LogTargetPlatformManager: Display: Loaded TargetPlatform 'LinuxServer'
[2023.02.20-10.26.41:297][  0]LogTargetPlatformManager: Display: Loaded TargetPlatform 'LinuxAArch64NoEditor'
[2023.02.20-10.26.41:302][  0]LogTargetPlatformManager: Display: Loaded TargetPlatform 'LinuxAArch64Client'
[2023.02.20-10.26.41:306][  0]LogTargetPlatformManager: Display: Loaded TargetPlatform 'LinuxAArch64Server'
[2023.02.20-10.26.41:327][  0]LogTargetPlatformManager: Display: Loaded TargetPlatform 'Lumin'
[2023.02.20-10.26.41:327][  0]LogTargetPlatformManager: Display: Loaded TargetPlatform 'LuminClient'
[2023.02.20-10.26.41:335][  0]LogTargetPlatformManager: Display: Loaded TargetPlatform 'MacNoEditor'
[2023.02.20-10.26.41:340][  0]LogTargetPlatformManager: Display: Loaded TargetPlatform 'Mac'
[2023.02.20-10.26.41:344][  0]LogTargetPlatformManager: Display: Loaded TargetPlatform 'MacClient'
[2023.02.20-10.26.41:348][  0]LogTargetPlatformManager: Display: Loaded TargetPlatform 'MacServer'
[2023.02.20-10.26.41:359][  0]LogTargetPlatformManager: Display: Loaded TargetPlatform 'TVOSClient'
[2023.02.20-10.26.41:359][  0]LogTargetPlatformManager: Display: Loaded TargetPlatform 'TVOS'
[2023.02.20-10.26.41:369][  0]LogTargetPlatformManager: Display: Loaded TargetPlatform 'WindowsNoEditor'
[2023.02.20-10.26.41:375][  0]LogTargetPlatformManager: Display: Loaded TargetPlatform 'Windows'
[2023.02.20-10.26.41:379][  0]LogTargetPlatformManager: Display: Loaded TargetPlatform 'WindowsClient'
[2023.02.20-10.26.41:384][  0]LogTargetPlatformManager: Display: Loaded TargetPlatform 'WindowsServer'
[2023.02.20-10.26.41:384][  0]LogTargetPlatformManager: Display: Building Assets For Windows
[2023.02.20-10.26.41:392][  0]LogAudioDebug: Display: Lib vorbis DLL was dynamically loaded.
[2023.02.20-10.26.41:430][  0]LogTextureFormatOodle: Display: Oodle Texture 2.9.0 init RDO Off
[2023.02.20-10.26.41:464][  0]LogRendererCore: Ray tracing is disabled. Reason: r.RayTracing=0.
[2023.02.20-10.26.41:464][  0]LogDerivedDataCache: Display: Max Cache Size: 512 MB
[2023.02.20-10.26.41:508][  0]LogDerivedDataCache: Loaded boot cache 0.04s 94MB C:/Users/kyeongnyeong.lee/AppData/Local/UnrealEngine/4.27/DerivedDataCache/Boot.ddc.
[2023.02.20-10.26.41:508][  0]LogDerivedDataCache: Display: Loaded Boot cache: C:/Users/kyeongnyeong.lee/AppData/Local/UnrealEngine/4.27/DerivedDataCache/Boot.ddc
[2023.02.20-10.26.41:508][  0]LogDerivedDataCache: FDerivedDataBackendGraph:  Pak pak cache file ../../../../../../Users/kyeongnyeong.lee/Documents/Unreal Projects/Chat_Client/DerivedDataCache/DDC.ddp not found, will not use a pak cache.
[2023.02.20-10.26.41:508][  0]LogDerivedDataCache: Unable to find inner node Pak for hierarchical cache Hierarchy.
[2023.02.20-10.26.41:508][  0]LogDerivedDataCache: FDerivedDataBackendGraph:  CompressedPak pak cache file ../../../../../../Users/kyeongnyeong.lee/Documents/Unreal Projects/Chat_Client/DerivedDataCache/Compressed.ddp not found, will not use a pak cache.
[2023.02.20-10.26.41:508][  0]LogDerivedDataCache: Unable to find inner node CompressedPak for hierarchical cache Hierarchy.
[2023.02.20-10.26.41:522][  0]LogDerivedDataCache: Display: Pak cache opened for reading ../../../Engine/DerivedDataCache/Compressed.ddp.
[2023.02.20-10.26.41:522][  0]LogDerivedDataCache: FDerivedDataBackendGraph:  EnterprisePak pak cache file ../../../Enterprise/DerivedDataCache/Compressed.ddp not found, will not use a pak cache.
[2023.02.20-10.26.41:522][  0]LogDerivedDataCache: Unable to find inner node EnterprisePak for hierarchical cache Hierarchy.
[2023.02.20-10.26.41:535][  0]LogDerivedDataCache: Speed tests for C:/Users/kyeongnyeong.lee/AppData/Local/UnrealEngine/Common/DerivedDataCache took 0.01 seconds
[2023.02.20-10.26.41:535][  0]LogDerivedDataCache: Display: Performance to C:/Users/kyeongnyeong.lee/AppData/Local/UnrealEngine/Common/DerivedDataCache: Latency=0.06ms. RandomReadSpeed=682.59MBs, RandomWriteSpeed=91.97MBs. Assigned SpeedClass 'Local'
[2023.02.20-10.26.41:535][  0]LogDerivedDataCache: Using Local data cache path C:/Users/kyeongnyeong.lee/AppData/Local/UnrealEngine/Common/DerivedDataCache: Writable
[2023.02.20-10.26.41:535][  0]LogDerivedDataCache: Shared data cache path not found in *engine.ini, will not use an Shared cache.
[2023.02.20-10.26.41:535][  0]LogDerivedDataCache: Unable to find inner node Shared for hierarchical cache Hierarchy.
[2023.02.20-10.26.41:542][  0]LogAssetRegistry: FAssetRegistry took 0.0017 seconds to start up
[2023.02.20-10.26.41:734][  0]LogInit: Selected Device Profile: [Windows]
[2023.02.20-10.26.41:734][  0]LogInit: Active device profile: [00000285316B1300][000002852F79E800 49] Windows
[2023.02.20-10.26.41:734][  0]LogInit: Profiles: [00000285316B1300][000002852F79E800 49] Windows, [0000028531666F00][000002852C1BC980 49] WindowsNoEditor, [00000285316B2500][000002852C1C0B00 49] WindowsServer, [0000028531667D00][000002852C1C4C80 49] WindowsClient, [00000285316B3200][000002852C1B2DC0 49] IOS, [0000028531665300][000002852C1C8F00 49] iPadAir, [00000285316B2900][000002852C1CD040 49] iPadAir2, [0000028531629C00][000002852C1DF2C0 49] IPadPro, [0000028531629D00][000002852C1D1300 49] iPadAir3, [0000028531665800][000002852C1E9480 49] iPadAir4, [000002853162AC00][000002852C1ED600 49] iPadMini2, [0000028531665D00][000002852C1F1780 49] iPadMini3, [0000028531628B00][000002852C1F5900 49] iPadMini4, [0000028531665700][000002852C1F9A80 49] iPadMini5, [00000285316A1300][000002852C2001C0 49] iPhone6, [00000285316A1400][000002852C1FC200 49] iPodTouch6, [00000285316B1600][000002852C2084C0 49] iPhone7, [00000285316B2B00][000002852C204500 49] iPodTouch7, [000002853162BB00][000002852C20C680 49] iPhone5S, [00000285316B1800][000002852C210800 49] iPhone6Plus, [000002853162B000][000002852C214980 49] iPhone6S, [00000285316B3B00][000002852C218B00 49] iPhone6SPlus, [0000028531629500][000002852C21CC80 49] iPhone7Plus, [00000285316B0100][000002852C220E00 49] iPhoneSE, [00000285316B0B00][000002852C224F80 49] iPhone8, [00000285316A0800][000002852C1DB0C0 49] iPhone8Plus, [00000285316B1400][000002852C229200 49] iPhoneX, [00000285316A0F00][000002852C22D340 49] iPhoneXS, [00000285316B3700][000002852C2354C0 49] iPhoneXSMax, [00000285316A3100][000002852C239640 49] iPhoneXR, [00000285316B3800][000002852C23D7C0 49] iPhone11, [00000285316A3D00][000002852C241940 49] iPhone11Pro, [000002853162A700][000002852C245AC0 49] iPhone11ProMax, [00000285316A0600][000002852C2480C0 49] iPhoneSE2, [000002853162A100][000002852C24C240 49] iPhone12Mini, [00000285316A3800][000002852C2503C0 49] iPhone12, [0000028531629A00][000002852C254540 49] iPhone12Pro, [00000285316A1E00][000002852C2586C0 49] iPhone12ProMax, [000002853162BF00][000002852C25C840 49] iPadPro105, [00000285316A3400][000002852C2609C0 49] iPadPro129, [000002853162B700][000002852C264B40 49] iPadPro97, [00000285316A2200][000002852C268CC0 49] iPadPro2_129, [0000028531629600][000002852C26CE40 49] iPad5, [00000285316A0C00][000002852C270FC0 49] iPad6, [000002853162A500][000002852C275140 49] iPad7, [00000285316A2B00][000002852C231280 49] iPad8, [0000028531629300][000002852C2793C0 49] iPadPro11, [00000285316A3E00][000002852C27D500 49] iPadPro2_11, [000002853162A000][000002852C281640 49] iPadPro3_129, [00000285316A0100][000002852C2897C0 49] iPadPro4_129, [0000028531628F00][000002852C28D940 49] AppleTV, [00000285316A3B00][0000028531DE1AC0 49] AppleTV4K, [0000028531629800][0000028531DE40C0 49] TVOS, [00000285316A0400][0000028531DE8240 49] Mac, [000002853162B400][0000028531DEC3C0 49] MacClient, [00000285316A2800][0000028531DF0540 49] MacNoEditor, [000002853162AD00][0000028531DF46C0 49] MacServer, [00000285316A1900][0000028531DF8840 49] Linux, [000002853162B200][0000028531DFC9C0 49] LinuxAArch64, [00000285316A2000][0000028531E00B40 49] LinuxNoEditor, [000002853162A800][0000028531E04CC0 49] LinuxAArch64NoEditor, [00000285316A0A00][0000028531E08E40 49] LinuxClient, [0000028531628500][0000028531E0CFC0 49] LinuxAArch64Client, [00000285316A2100][0000028531E11140 49] LinuxServer, [000002853162B100][0000028531E152C0 49] LinuxAArch64Server, [00000285316A2E00][000002852C285400 49] Android, [000002853162B500][0000028531E19540 49] Android_Low, [00000285316A0900][0000028531E1D680 49] Android_Mid, [000002853162BA00][0000028531E217C0 49] Android_High, [00000285316A1700][0000028531E29940 49] Android_Default, [0000028531628300][0000028531E2DAC0 49] Android_Adreno4xx, [00000285316A0E00][0000028531E300C0 49] Android_Adreno5xx_Low, [0000028531628E00][0000028531E34240 49] Android_Adreno5xx, [00000285316A3300][0000028531E383C0 49] Android_Adreno6xx, [000002853162A600][0000028531E3C540 49] Android_Adreno6xx_Vulkan, [00000285316A2400][0000028531E406C0 49] Android_Mali_T6xx, [000002853162BE00][0000028531E44840 49] Android_Mali_T7xx, [00000285316A0500][0000028531E489C0 49] Android_Mali_T8xx, [000002853162B300][0000028531E4CB40 49] Android_Mali_G71, [00000285316A3600][0000028531E50CC0 49] Android_Mali_G72, [0000028531629B00][0000028531E54E40 49] Android_Mali_G72_Vulkan, [00000285316A2C00][0000028531E58FC0 49] Android_Mali_G76, [000002853162AF00][0000028531E5D140 49] Android_Mali_G76_Vulkan, [00000285316B0300][0000028531E612C0 49] Android_Mali_G77, [0000028531667600][0000028531E65440 49] Android_Mali_G77_Vulkan, [00000285316B2A00][0000028531E695C0 49] Android_Mali_G78, [0000028531665900][0000028531E25700 49] Android_Mali_G78_Vulkan, [00000285316B0900][0000028531E6D840 49] Android_Mali_G710, [0000028531666D00][0000028531E71980 49] Android_Mali_G710_Vulkan, [00000285316B3300][0000028531E79B00 49] Android_Vulkan_SM5, [0000028531665400][0000028531E7C100 49] Android_PowerVR_G6xxx, [00000285316B0600][0000028531E80280 49] Android_PowerVR_GT7xxx, [0000028531667800][0000028531E84400 49] Android_PowerVR_GE8xxx, [00000285316B2000][0000028531E88580 49] Android_PowerVR_GM9xxx, [0000028531667000][0000028531E8C700 49] Android_PowerVR_GM9xxx_Vulkan, [00000285316B3600][0000028531E90880 49] Android_TegraK1, [0000028531665000][0000028531E94A00 49] Android_Unknown_Vulkan, [00000285316B2100][0000028531E98B80 49] Lumin, [0000028531665600][0000028531E9CD00 49] Lumin_Desktop, [00000285316B1D00][0000028531EA0E80 49] HoloLens, 
[2023.02.20-10.26.41:767][  0]LogMeshReduction: Using QuadricMeshReduction for automatic static mesh reduction
[2023.02.20-10.26.41:768][  0]LogMeshReduction: Using SimplygonMeshReduction for automatic skeletal mesh reduction
[2023.02.20-10.26.41:768][  0]LogMeshReduction: Using ProxyLODMeshReduction for automatic mesh merging
[2023.02.20-10.26.41:768][  0]LogMeshReduction: No distributed automatic mesh merging module available
[2023.02.20-10.26.41:768][  0]LogMeshMerging: No distributed automatic mesh merging module available
[2023.02.20-10.26.41:775][  0]LogNetVersion: Chat_Client 1.0.0, NetCL: 17155196, EngineNetVer: 17, GameNetVer: 0 (Checksum: 2507288367)
[2023.02.20-10.26.41:906][  0]LogHMD: PokeAHoleMaterial loaded successfully
[2023.02.20-10.26.42:007][  0]LogCollectionManager: Loaded 0 collections in 0.001725 seconds
[2023.02.20-10.26.42:009][  0]LogFileCache: Scanning file cache for directory 'C:/Users/kyeongnyeong.lee/Documents/Unreal Projects/Chat_Client/Saved/Collections/' took 0.00s
[2023.02.20-10.26.42:009][  0]LogFileCache: Scanning file cache for directory 'C:/Users/kyeongnyeong.lee/Documents/Unreal Projects/Chat_Client/Content/Developers/kyeongnyeonglee/Collections/' took 0.00s
[2023.02.20-10.26.42:009][  0]LogFileCache: Scanning file cache for directory 'C:/Users/kyeongnyeong.lee/Documents/Unreal Projects/Chat_Client/Content/Collections/' took 0.00s
[2023.02.20-10.26.42:009][  0]LogCollectionManager: Fixed up redirectors for 0 collections in 0.000001 seconds (updated 0 objects)
[2023.02.20-10.26.42:106][  0]LogNiagaraDebuggerClient: Niagara Debugger Client Initialized | Session: D13AC7A942F670056E9260B7455B8333 | Instance: 52778AC544E2CE68809C9EB63B9B33E0 (TG-P2302012-29636).
[2023.02.20-10.26.42:243][  0]LogPython: Using Python 3.7.7
[2023.02.20-10.26.43:033][  0]LogOpenImageDenoise: OIDN starting up
[2023.02.20-10.26.43:056][  0]LogAndroidPermission: UAndroidPermissionCallbackProxy::GetInstance
[2023.02.20-10.26.43:078][  0]LogAudioCaptureCore: Display: No Audio Capture implementations found. Audio input will be silent.
[2023.02.20-10.26.43:078][  0]LogAudioCaptureCore: Display: No Audio Capture implementations found. Audio input will be silent.
[2023.02.20-10.26.43:192][  0]SourceControl: 소스 컨트롤이 꺼졌습니다.
[2023.02.20-10.26.43:192][  0]SourceControl: 소스 컨트롤이 꺼졌습니다.
[2023.02.20-10.26.43:196][  0]SourceControl: 소스 컨트롤이 꺼졌습니다.
[2023.02.20-10.26.43:200][  0]SourceControl: 소스 컨트롤이 꺼졌습니다.
[2023.02.20-10.26.43:203][  0]SourceControl: 소스 컨트롤이 꺼졌습니다.
[2023.02.20-10.26.43:210][  0]LogUProjectInfo: Found projects:
[2023.02.20-10.26.43:243][  0]LogOcInput: OculusInput pre-init called
[2023.02.20-10.26.43:277][  0]LogUObjectArray: 23131 objects as part of root set at end of initial load.
[2023.02.20-10.26.43:277][  0]LogUObjectAllocator: 6411152 out of 0 bytes used by permanent object pool.
[2023.02.20-10.26.43:277][  0]LogUObjectArray: CloseDisregardForGC: 0/0 objects in disregard for GC pool
[2023.02.20-10.26.43:280][  0]LogInit: Error: VisualStudioToolsCommandlet looked like a commandlet, but we could not find the class.
[2023.02.20-10.26.43:280][  0]LogCore: Engine exit requested (reason: Failed to find commandlet class VisualStudioToolsCommandlet)
[2023.02.20-10.26.43:280][  0]LogCore: Engine exit requested (reason: EngineExit() was called; note: exit was already requested)
[2023.02.20-10.26.43:281][  0]LogExit: Preparing to exit.
[2023.02.20-10.26.43:299][  0]LogUObjectHash: Compacting FUObjectHashTables data took   0.64ms
[2023.02.20-10.26.43:344][  0]LogDemo: Cleaned up 0 splitscreen connections with owner deletion
[2023.02.20-10.26.43:379][  0]LogExit: Object subsystem successfully closed.
[2023.02.20-10.26.43:433][  0]LogModuleManager: Shutting down and abandoning module AudioSynesthesiaEditor (594)
[2023.02.20-10.26.43:433][  0]LogModuleManager: Shutting down and abandoning module OculusEditor (592)
[2023.02.20-10.26.43:433][  0]LogModuleManager: Shutting down and abandoning module OculusInput (590)
[2023.02.20-10.26.43:433][  0]LogModuleManager: Shutting down and abandoning module ContentBrowserClassDataSource (588)
[2023.02.20-10.26.43:433][  0]LogModuleManager: Shutting down and abandoning module ContentBrowserFileDataSource (586)
[2023.02.20-10.26.43:433][  0]LogModuleManager: Shutting down and abandoning module ContentBrowserAssetDataSource (584)
[2023.02.20-10.26.43:433][  0]LogModuleManager: Shutting down and abandoning module ToolMenus (583)
[2023.02.20-10.26.43:433][  0]LogModuleManager: Shutting down and abandoning module VisualStudioSourceCodeAccess (580)
[2023.02.20-10.26.43:434][  0]LogModuleManager: Shutting down and abandoning module VisualStudioCodeSourceCodeAccess (578)
[2023.02.20-10.26.43:434][  0]LogModuleManager: Shutting down and abandoning module UObjectPlugin (576)
[2023.02.20-10.26.43:434][  0]LogModuleManager: Shutting down and abandoning module SubversionSourceControl (574)
[2023.02.20-10.26.43:434][  0]LogModuleManager: Shutting down and abandoning module PlasticSourceControl (572)
[2023.02.20-10.26.43:434][  0]LogModuleManager: Shutting down and abandoning module PluginUtils (570)
[2023.02.20-10.26.43:434][  0]LogModuleManager: Shutting down and abandoning module PerforceSourceControl (568)
[2023.02.20-10.26.43:434][  0]LogModuleManager: Shutting down and abandoning module GitSourceControl (566)
[2023.02.20-10.26.43:434][  0]LogModuleManager: Shutting down and abandoning module SourceControl (565)
[2023.02.20-10.26.43:434][  0]LogModuleManager: Shutting down and abandoning module CLionSourceCodeAccess (562)
[2023.02.20-10.26.43:434][  0]LogModuleManager: Shutting down and abandoning module SynthesisEditor (560)
[2023.02.20-10.26.43:434][  0]LogModuleManager: Shutting down and abandoning module Synthesis (558)
[2023.02.20-10.26.43:434][  0]LogModuleManager: Shutting down and abandoning module TakeSequencer (556)
[2023.02.20-10.26.43:434][  0]LogModuleManager: Shutting down and abandoning module TakeMovieScene (554)
[2023.02.20-10.26.43:434][  0]LogModuleManager: Shutting down and abandoning module ProceduralMeshComponentEditor (552)
[2023.02.20-10.26.43:434][  0]LogModuleManager: Shutting down and abandoning module ProceduralMeshComponent (550)
[2023.02.20-10.26.43:434][  0]LogModuleManager: Shutting down and abandoning module ScreenshotTools (548)
[2023.02.20-10.26.43:434][  0]LogModuleManager: Shutting down and abandoning module OpenXREditor (546)
[2023.02.20-10.26.43:434][  0]LogModuleManager: Shutting down and abandoning module MobilePatchingUtils (544)
[2023.02.20-10.26.43:434][  0]LogModuleManager: Shutting down and abandoning module GooglePAD (542)
[2023.02.20-10.26.43:434][  0]LogModuleManager: Shutting down and abandoning module EditableMesh (540)
[2023.02.20-10.26.43:434][  0]LogModuleManager: Shutting down and abandoning module CustomMeshComponent (538)
[2023.02.20-10.26.43:434][  0]LogModuleManager: Shutting down and abandoning module CableComponent (536)
[2023.02.20-10.26.43:434][  0]LogModuleManager: Shutting down and abandoning module AudioCapture (534)
[2023.02.20-10.26.43:434][  0]LogModuleManager: Shutting down and abandoning module AudioCaptureRtAudio (533)
[2023.02.20-10.26.43:434][  0]LogModuleManager: Shutting down and abandoning module AssetTags (530)
[2023.02.20-10.26.43:434][  0]LogModuleManager: Shutting down and abandoning module ArchVisCharacter (528)
[2023.02.20-10.26.43:434][  0]LogModuleManager: Shutting down and abandoning module AppleImageUtilsBlueprintSupport (526)
[2023.02.20-10.26.43:434][  0]LogModuleManager: Shutting down and abandoning module AppleImageUtils (524)
[2023.02.20-10.26.43:434][  0]LogModuleManager: Shutting down and abandoning module AndroidPermission (522)
[2023.02.20-10.26.43:434][  0]LogModuleManager: Shutting down and abandoning module ActorLayerUtilitiesEditor (520)
[2023.02.20-10.26.43:434][  0]LogModuleManager: Shutting down and abandoning module ActorLayerUtilities (518)
[2023.02.20-10.26.43:434][  0]LogModuleManager: Shutting down and abandoning module MotoSynthEditor (516)
[2023.02.20-10.26.43:434][  0]LogModuleManager: Shutting down and abandoning module MotoSynth (514)
[2023.02.20-10.26.43:434][  0]LogModuleManager: Shutting down and abandoning module OpenImageDenoise (512)
[2023.02.20-10.26.43:434][  0]LogOpenImageDenoise: OIDN shutting down
[2023.02.20-10.26.43:434][  0]LogModuleManager: Shutting down and abandoning module MeshConversion (510)
[2023.02.20-10.26.43:434][  0]LogModuleManager: Shutting down and abandoning module DynamicMesh (508)
[2023.02.20-10.26.43:434][  0]LogModuleManager: Shutting down and abandoning module GeometryAlgorithms (506)
[2023.02.20-10.26.43:434][  0]LogModuleManager: Shutting down and abandoning module GeometricObjects (504)
[2023.02.20-10.26.43:434][  0]LogModuleManager: Shutting down and abandoning module TemplateSequence (502)
[2023.02.20-10.26.43:434][  0]LogModuleManager: Shutting down and abandoning module GeometryCollectionTracks (500)
[2023.02.20-10.26.43:434][  0]LogModuleManager: Shutting down and abandoning module GeometryCollectionSequencer (499)
[2023.02.20-10.26.43:434][  0]LogModuleManager: Shutting down and abandoning module GeometryCollectionEditor (496)
[2023.02.20-10.26.43:434][  0]LogModuleManager: Shutting down and abandoning module GeometryCacheTracks (494)
[2023.02.20-10.26.43:434][  0]LogModuleManager: Shutting down and abandoning module GeometryCacheStreamer (492)
[2023.02.20-10.26.43:434][  0]LogModuleManager: Shutting down and abandoning module GeometryCacheSequencer (490)
[2023.02.20-10.26.43:434][  0]LogModuleManager: Shutting down and abandoning module ChaosSolverEditor (488)
[2023.02.20-10.26.43:434][  0]LogModuleManager: Shutting down and abandoning module ChaosNiagara (486)
[2023.02.20-10.26.43:434][  0]LogModuleManager: Shutting down and abandoning module FractureEditor (484)
[2023.02.20-10.26.43:435][  0]LogModuleManager: Shutting down and abandoning module FieldSystemEngine (483)
[2023.02.20-10.26.43:435][  0]LogModuleManager: Shutting down and abandoning module ChaosClothEditor (480)
[2023.02.20-10.26.43:435][  0]LogModuleManager: Shutting down and abandoning module AutomationUtilsEditor (478)
[2023.02.20-10.26.43:435][  0]LogModuleManager: Shutting down and abandoning module AutomationUtils (476)
[2023.02.20-10.26.43:435][  0]LogModuleManager: Shutting down and abandoning module MagicLeapSharedWorld (474)
[2023.02.20-10.26.43:435][  0]LogModuleManager: Shutting down and abandoning module AlembicImporter (472)
[2023.02.20-10.26.43:435][  0]LogModuleManager: Shutting down and abandoning module AlembicLibrary (471)
[2023.02.20-10.26.43:435][  0]LogModuleManager: Shutting down and abandoning module GeometryCache (470)
[2023.02.20-10.26.43:435][  0]LogModuleManager: Shutting down and abandoning module GeometryCacheEd (469)
[2023.02.20-10.26.43:435][  0]LogModuleManager: Shutting down and abandoning module MagicLeapLightEstimation (464)
[2023.02.20-10.26.43:435][  0]LogModuleManager: Shutting down and abandoning module MagicLeapHelperVulkan (462)
[2023.02.20-10.26.43:435][  0]LogModuleManager: Shutting down and abandoning module MagicLeapHelperOpenGL (460)
[2023.02.20-10.26.43:435][  0]LogModuleManager: Shutting down and abandoning module MagicLeapAudio (458)
[2023.02.20-10.26.43:435][  0]LogModuleManager: Shutting down and abandoning module SpeedTreeImporter (456)
[2023.02.20-10.26.43:435][  0]LogModuleManager: Shutting down and abandoning module MediaCompositing (454)
[2023.02.20-10.26.43:435][  0]LogModuleManager: Shutting down and abandoning module MobileLauncherProfileWizard (452)
[2023.02.20-10.26.43:435][  0]LogModuleManager: Shutting down and abandoning module PluginBrowser (450)
[2023.02.20-10.26.43:435][  0]LogModuleManager: Shutting down and abandoning module MaterialAnalyzer (448)
[2023.02.20-10.26.43:435][  0]LogModuleManager: Shutting down and abandoning module CurveEditorTools (446)
[2023.02.20-10.26.43:435][  0]LogModuleManager: Shutting down and abandoning module CryptoKeysOpenSSL (444)
[2023.02.20-10.26.43:435][  0]LogModuleManager: Shutting down and abandoning module CryptoKeys (442)
[2023.02.20-10.26.43:435][  0]LogModuleManager: Shutting down and abandoning module NiagaraEditorWidgets (440)
[2023.02.20-10.26.43:435][  0]LogModuleManager: Shutting down and abandoning module VariantManagerContentEditor (438)
[2023.02.20-10.26.43:435][  0]LogModuleManager: Shutting down and abandoning module DatasmithContentEditor (436)
[2023.02.20-10.26.43:435][  0]LogModuleManager: Shutting down and abandoning module AnimationSharingEd (434)
[2023.02.20-10.26.43:435][  0]LogModuleManager: Shutting down and abandoning module OodleNetworkHandlerComponent (432)
[2023.02.20-10.26.43:435][  0]LogModuleManager: Shutting down and abandoning module LightPropagationVolumeEditor (430)
[2023.02.20-10.26.43:435][  0]LogModuleManager: Shutting down and abandoning module LiveLinkSequencer (428)
[2023.02.20-10.26.43:435][  0]LogModuleManager: Shutting down and abandoning module LiveLinkMovieScene (426)
[2023.02.20-10.26.43:435][  0]LogModuleManager: Shutting down and abandoning module LiveLinkGraphNode (424)
[2023.02.20-10.26.43:435][  0]LogModuleManager: Shutting down and abandoning module LiveLinkEditor (422)
[2023.02.20-10.26.43:435][  0]LogModuleManager: Shutting down and abandoning module LiveLinkComponents (420)
[2023.02.20-10.26.43:435][  0]LogModuleManager: Shutting down and abandoning module LiveLink (418)
[2023.02.20-10.26.43:761][  0]LogModuleManager: Shutting down and abandoning module PaperTiledImporter (416)
[2023.02.20-10.26.43:761][  0]LogModuleManager: Shutting down and abandoning module PaperSpriteSheetImporter (414)
[2023.02.20-10.26.43:761][  0]LogModuleManager: Shutting down and abandoning module Paper2DEditor (412)
[2023.02.20-10.26.43:761][  0]LogModuleManager: Shutting down and abandoning module MeshPaintingToolset (410)
[2023.02.20-10.26.43:761][  0]LogModuleManager: Shutting down and abandoning module MeshPaintEditorMode (408)
[2023.02.20-10.26.43:761][  0]LogModuleManager: Shutting down and abandoning module Chat_Client (406)
[2023.02.20-10.26.43:761][  0]LogModuleManager: Shutting down and abandoning module PropertyAccessNode (404)
[2023.02.20-10.26.43:761][  0]LogModuleManager: Shutting down and abandoning module SoundFields (402)
[2023.02.20-10.26.43:762][  0]LogModuleManager: Shutting down and abandoning module SignificanceManager (400)
[2023.02.20-10.26.43:762][  0]LogModuleManager: Shutting down and abandoning module RuntimePhysXCooking (398)
[2023.02.20-10.26.43:762][  0]LogModuleManager: Shutting down and abandoning module PropertyAccessEditor (396)
[2023.02.20-10.26.43:762][  0]LogModuleManager: Shutting down and abandoning module PhysXVehiclesEditor (394)
[2023.02.20-10.26.43:762][  0]LogModuleManager: Shutting down and abandoning module LocationServicesBPLibrary (390)
[2023.02.20-10.26.43:762][  0]LogModuleManager: Shutting down and abandoning module AudioSynesthesia (388)
[2023.02.20-10.26.43:762][  0]LogModuleManager: Shutting down and abandoning module AudioSynesthesiaCore (386)
[2023.02.20-10.26.43:762][  0]LogModuleManager: Shutting down and abandoning module PythonScriptPlugin (384)
[2023.02.20-10.26.43:762][  0]LogModuleManager: Shutting down and abandoning module UdpMessaging (382)
[2023.02.20-10.26.43:762][  0]LogModuleManager: Shutting down and abandoning module TcpMessaging (380)
[2023.02.20-10.26.43:762][  0]LogModuleManager: Shutting down and abandoning module ActorSequence (378)
[2023.02.20-10.26.43:762][  0]LogModuleManager: Shutting down and abandoning module MagicLeapARPin (376)
[2023.02.20-10.26.43:762][  0]LogModuleManager: Shutting down and abandoning module MagicLeapHandMeshing (374)
[2023.02.20-10.26.43:762][  0]LogModuleManager: Shutting down and abandoning module MagicLeapSecureStorage (372)
[2023.02.20-10.26.43:762][  0]LogModuleManager: Shutting down and abandoning module MagicLeapPrivileges (370)
[2023.02.20-10.26.43:762][  0]LogModuleManager: Shutting down and abandoning module MagicLeapPlanes (368)
[2023.02.20-10.26.43:762][  0]LogMagicLeapPlanes: Planes tracker already destroyed.
[2023.02.20-10.26.43:762][  0]LogModuleManager: Shutting down and abandoning module MagicLeapImageTracker (366)
[2023.02.20-10.26.43:762][  0]LogModuleManager: Shutting down and abandoning module MagicLeapIdentity (364)
[2023.02.20-10.26.43:762][  0]LogModuleManager: Shutting down and abandoning module MagicLeapHandTracking (362)
[2023.02.20-10.26.43:762][  0]LogModuleManager: Shutting down and abandoning module MagicLeapEyeTracker (360)
[2023.02.20-10.26.43:762][  0]LogModuleManager: Shutting down and abandoning module MagicLeapController (358)
[2023.02.20-10.26.43:762][  0]LogModuleManager: Shutting down and abandoning module MagicLeapARPinImpl (356)
[2023.02.20-10.26.43:762][  0]LogModuleManager: Shutting down and abandoning module MagicLeapAR (354)
[2023.02.20-10.26.43:762][  0]LogModuleManager: Shutting down and abandoning module GameplayTagsEditor (352)
[2023.02.20-10.26.43:762][  0]LogModuleManager: Shutting down and abandoning module FacialAnimationEditor (350)
[2023.02.20-10.26.43:762][  0]LogModuleManager: Shutting down and abandoning module FacialAnimation (348)
[2023.02.20-10.26.43:762][  0]LogModuleManager: Shutting down and abandoning module DataValidation (346)
[2023.02.20-10.26.43:762][  0]LogModuleManager: Shutting down and abandoning module AssetManagerEditor (344)
[2023.02.20-10.26.43:762][  0]LogModuleManager: Shutting down and abandoning module TreeMap (343)
[2023.02.20-10.26.43:762][  0]LogModuleManager: Shutting down and abandoning module NiagaraAnimNotifies (340)
[2023.02.20-10.26.43:762][  0]LogModuleManager: Shutting down and abandoning module Niagara (338)
[2023.02.20-10.26.43:762][  0]LogModuleManager: Shutting down and abandoning module SignalProcessing (337)
[2023.02.20-10.26.43:762][  0]LogModuleManager: Shutting down and abandoning module NiagaraEditor (335)
[2023.02.20-10.26.43:762][  0]LogModuleManager: Shutting down and abandoning module NiagaraCore (332)
[2023.02.20-10.26.43:762][  0]LogModuleManager: Shutting down and abandoning module AnimationSharing (330)
[2023.02.20-10.26.43:762][  0]LogModuleManager: Shutting down and abandoning module GameplayCameras (328)
[2023.02.20-10.26.43:762][  0]LogModuleManager: Shutting down and abandoning module EnvironmentQueryEditor (326)
[2023.02.20-10.26.43:762][  0]LogModuleManager: Shutting down and abandoning module LightPropagationVolumeRuntime (324)
[2023.02.20-10.26.43:762][  0]LogModuleManager: Shutting down and abandoning module Paper2D (322)
[2023.02.20-10.26.43:762][  0]LogModuleManager: Shutting down and abandoning module NetworkReplayStreaming (320)
[2023.02.20-10.26.43:762][  0]LogModuleManager: Shutting down and abandoning module PacketHandler (318)
[2023.02.20-10.26.43:762][  0]LogModuleManager: Shutting down and abandoning module ClothingSystemEditor (316)
[2023.02.20-10.26.43:762][  0]LogModuleManager: Shutting down and abandoning module ClothingSystemRuntimeNv (314)
[2023.02.20-10.26.43:762][  0]LogModuleManager: Shutting down and abandoning module MediaAssets (312)
[2023.02.20-10.26.43:762][  0]LogModuleManager: Shutting down and abandoning module Overlay (310)
[2023.02.20-10.26.43:762][  0]LogModuleManager: Shutting down and abandoning module OverlayEditor (309)
[2023.02.20-10.26.43:762][  0]LogModuleManager: Shutting down and abandoning module Blutility (306)
[2023.02.20-10.26.43:762][  0]LogModuleManager: Shutting down and abandoning module LevelEditor (305)
[2023.02.20-10.26.43:763][  0]LogModuleManager: Shutting down and abandoning module PixelInspectorModule (304)
[2023.02.20-10.26.43:763][  0]LogModuleManager: Shutting down and abandoning module CommonMenuExtensions (302)
[2023.02.20-10.26.43:763][  0]LogModuleManager: Shutting down and abandoning module MainFrame (300)
[2023.02.20-10.26.43:763][  0]LogModuleManager: Shutting down and abandoning module HotReload (299)
[2023.02.20-10.26.43:764][  0]LogModuleManager: Shutting down and abandoning module ContentBrowser (295)
[2023.02.20-10.26.43:764][  0]LogModuleManager: Shutting down and abandoning module CollectionManager (294)
[2023.02.20-10.26.43:764][  0]LogModuleManager: Shutting down and abandoning module ContentBrowserData (292)
[2023.02.20-10.26.43:764][  0]LogModuleManager: Shutting down and abandoning module IntroTutorials (288)
[2023.02.20-10.26.43:764][  0]LogModuleManager: Shutting down and abandoning module VREditor (286)
[2023.02.20-10.26.43:764][  0]LogModuleManager: Shutting down and abandoning module StringTableEditor (284)
[2023.02.20-10.26.43:764][  0]LogModuleManager: Shutting down and abandoning module GameplayTasksEditor (282)
[2023.02.20-10.26.43:764][  0]LogModuleManager: Shutting down and abandoning module BehaviorTreeEditor (280)
[2023.02.20-10.26.43:764][  0]LogModuleManager: Shutting down and abandoning module FunctionalTesting (278)
[2023.02.20-10.26.43:764][  0]LogModuleManager: Shutting down and abandoning module CollisionAnalyzer (276)
[2023.02.20-10.26.43:764][  0]LogModuleManager: Shutting down and abandoning module WorkspaceMenuStructure (275)
[2023.02.20-10.26.43:764][  0]LogModuleManager: Shutting down and abandoning module UMG (272)
[2023.02.20-10.26.43:764][  0]LogModuleManager: Shutting down and abandoning module UMGEditor (271)
[2023.02.20-10.26.43:764][  0]LogModuleManager: Shutting down and abandoning module MessageLog (269)
[2023.02.20-10.26.43:764][  0]LogModuleManager: Shutting down and abandoning module SlateReflector (264)
[2023.02.20-10.26.43:764][  0]LogModuleManager: Shutting down and abandoning module Slate (262)
[2023.02.20-10.26.43:764][  0]LogModuleManager: Shutting down and abandoning module SlateCore (260)
[2023.02.20-10.26.43:765][  0]LogModuleManager: Shutting down and abandoning module LandscapeEditorUtilities (258)
[2023.02.20-10.26.43:765][  0]LogModuleManager: Shutting down and abandoning module UnrealEd (256)
[2023.02.20-10.26.43:765][  0]LogModuleManager: Shutting down and abandoning module MRMesh (254)
[2023.02.20-10.26.43:765][  0]LogModuleManager: Shutting down and abandoning module SourceCodeAccess (252)
[2023.02.20-10.26.43:765][  0]LogModuleManager: Shutting down and abandoning module HeadMountedDisplay (250)
[2023.02.20-10.26.43:765][  0]LogModuleManager: Shutting down and abandoning module XAudio2 (248)
[2023.02.20-10.26.43:765][  0]LogModuleManager: Shutting down and abandoning module Networking (246)
[2023.02.20-10.26.43:765][  0]LogModuleManager: Shutting down and abandoning module Core (244)
[2023.02.20-10.26.43:765][  0]LogModuleManager: Shutting down and abandoning module MaterialEditor (242)
[2023.02.20-10.26.43:765][  0]LogModuleManager: Shutting down and abandoning module Settings (241)
[2023.02.20-10.26.43:765][  0]LogModuleManager: Shutting down and abandoning module MovieSceneTools (238)
[2023.02.20-10.26.43:765][  0]LogModuleManager: Shutting down and abandoning module CurveEditor (237)
[2023.02.20-10.26.43:765][  0]LogModuleManager: Shutting down and abandoning module Sequencer (235)
[2023.02.20-10.26.43:765][  0]LogModuleManager: Shutting down and abandoning module EditorStyle (234)
[2023.02.20-10.26.43:766][  0]LogModuleManager: Shutting down and abandoning module KismetCompiler (230)
[2023.02.20-10.26.43:766][  0]LogModuleManager: Shutting down and abandoning module MeshBuilder (228)
[2023.02.20-10.26.43:766][  0]LogModuleManager: Shutting down and abandoning module MeshUtilities (226)
[2023.02.20-10.26.43:766][  0]LogModuleManager: Shutting down and abandoning module MeshMergeUtilities (225)
[2023.02.20-10.26.43:766][  0]LogModuleManager: Shutting down and abandoning module MeshReductionInterface (224)
[2023.02.20-10.26.43:766][  0]LogModuleManager: Shutting down and abandoning module MeshBoneReduction (223)
[2023.02.20-10.26.43:766][  0]LogModuleManager: Shutting down and abandoning module SkeletalMeshReduction (221)
[2023.02.20-10.26.43:766][  0]LogModuleManager: Shutting down and abandoning module ProxyLODMeshReduction (219)
[2023.02.20-10.26.43:766][  0]LogModuleManager: Shutting down and abandoning module QuadricMeshReduction (217)
[2023.02.20-10.26.43:766][  0]LogModuleManager: Shutting down and abandoning module MaterialBaking (213)
[2023.02.20-10.26.43:766][  0]LogModuleManager: Shutting down and abandoning module DirectoryWatcher (209)
[2023.02.20-10.26.43:766][  0]LogModuleManager: Shutting down and abandoning module NullInstallBundleManager (206)
[2023.02.20-10.26.43:766][  0]LogModuleManager: Shutting down and abandoning module DerivedDataCache (204)
[2023.02.20-10.26.43:766][  0]LogModuleManager: Shutting down and abandoning module TargetPlatform (202)
[2023.02.20-10.26.43:766][  0]LogModuleManager: Shutting down and abandoning module VulkanShaderFormat (201)
[2023.02.20-10.26.43:766][  0]LogModuleManager: Shutting down and abandoning module ShaderFormatVectorVM (199)
[2023.02.20-10.26.43:766][  0]LogModuleManager: Shutting down and abandoning module ShaderFormatOpenGL (197)
[2023.02.20-10.26.43:766][  0]LogModuleManager: Shutting down and abandoning module ShaderFormatD3D (195)
[2023.02.20-10.26.43:766][  0]LogModuleManager: Shutting down and abandoning module MetalShaderFormat (193)
[2023.02.20-10.26.43:766][  0]LogModuleManager: Shutting down and abandoning module TextureFormatOodle (191)
[2023.02.20-10.26.43:766][  0]LogModuleManager: Shutting down and abandoning module TextureFormatUncompressed (189)
[2023.02.20-10.26.43:766][  0]LogModuleManager: Shutting down and abandoning module TextureFormatPVR (187)
[2023.02.20-10.26.43:766][  0]LogModuleManager: Shutting down and abandoning module TextureFormatETC2 (185)
[2023.02.20-10.26.43:766][  0]LogModuleManager: Shutting down and abandoning module TextureFormatDXT (183)
[2023.02.20-10.26.43:766][  0]LogModuleManager: Shutting down and abandoning module TextureFormatIntelISPCTexComp (181)
[2023.02.20-10.26.43:766][  0]LogModuleManager: Shutting down and abandoning module TextureFormatASTC (179)
[2023.02.20-10.26.43:766][  0]LogModuleManager: Shutting down and abandoning module ImageWrapper (178)
[2023.02.20-10.26.43:766][  0]LogModuleManager: Shutting down and abandoning module AudioFormatOpus (175)
[2023.02.20-10.26.43:766][  0]LogModuleManager: Shutting down and abandoning module AudioFormatOgg (173)
[2023.02.20-10.26.43:766][  0]LogModuleManager: Shutting down and abandoning module AudioFormatADPCM (171)
[2023.02.20-10.26.43:766][  0]LogModuleManager: Shutting down and abandoning module WindowsServerTargetPlatform (169)
[2023.02.20-10.26.43:766][  0]LogModuleManager: Shutting down and abandoning module WindowsClientTargetPlatform (167)
[2023.02.20-10.26.43:766][  0]LogModuleManager: Shutting down and abandoning module WindowsTargetPlatform (165)
[2023.02.20-10.26.43:766][  0]LogModuleManager: Shutting down and abandoning module WindowsNoEditorTargetPlatform (163)
[2023.02.20-10.26.43:766][  0]LogModuleManager: Shutting down and abandoning module TVOSTargetPlatform (161)
[2023.02.20-10.26.43:767][  0]LogModuleManager: Shutting down and abandoning module MacServerTargetPlatform (159)
[2023.02.20-10.26.43:767][  0]LogModuleManager: Shutting down and abandoning module MacClientTargetPlatform (157)
[2023.02.20-10.26.43:767][  0]LogModuleManager: Shutting down and abandoning module MacTargetPlatform (155)
[2023.02.20-10.26.43:767][  0]LogModuleManager: Shutting down and abandoning module MacNoEditorTargetPlatform (153)
[2023.02.20-10.26.43:767][  0]LogModuleManager: Shutting down and abandoning module LuminTargetPlatform (151)
[2023.02.20-10.26.43:767][  0]LogModuleManager: Shutting down and abandoning module LinuxAArch64ServerTargetPlatform (149)
[2023.02.20-10.26.43:767][  0]LogModuleManager: Shutting down and abandoning module LinuxAArch64ClientTargetPlatform (147)
[2023.02.20-10.26.43:767][  0]LogModuleManager: Shutting down and abandoning module LinuxAArch64NoEditorTargetPlatform (145)
[2023.02.20-10.26.43:767][  0]LogModuleManager: Shutting down and abandoning module LinuxServerTargetPlatform (143)
[2023.02.20-10.26.43:767][  0]LogModuleManager: Shutting down and abandoning module LinuxClientTargetPlatform (141)
[2023.02.20-10.26.43:767][  0]LogModuleManager: Shutting down and abandoning module LinuxNoEditorTargetPlatform (139)
[2023.02.20-10.26.43:767][  0]LogModuleManager: Shutting down and abandoning module LinuxTargetPlatform (137)
[2023.02.20-10.26.43:767][  0]LogModuleManager: Shutting down and abandoning module Messaging (135)
[2023.02.20-10.26.43:767][  0]LogModuleManager: Shutting down and abandoning module IOSTargetPlatform (133)
[2023.02.20-10.26.43:768][  0]LogModuleManager: Shutting down and abandoning module AndroidTargetPlatform (131)
[2023.02.20-10.26.43:770][  0]LogModuleManager: Shutting down and abandoning module AllDesktopTargetPlatform (129)
[2023.02.20-10.26.43:770][  0]LogModuleManager: Shutting down and abandoning module NullDrv (126)
[2023.02.20-10.26.43:770][  0]LogModuleManager: Shutting down and abandoning module PhysXCooking (124)
[2023.02.20-10.26.43:770][  0]LogModuleManager: Shutting down and abandoning module Chaos (122)
[2023.02.20-10.26.43:770][  0]LogModuleManager: Shutting down and abandoning module WindowsPlatformFeatures (120)
[2023.02.20-10.26.43:770][  0]LogModuleManager: Shutting down and abandoning module GameplayMediaEncoder (119)
[2023.02.20-10.26.43:770][  0]LogModuleManager: Shutting down and abandoning module AVEncoder (118)
[2023.02.20-10.26.43:770][  0]LogModuleManager: Shutting down and abandoning module ExampleDeviceProfileSelector (114)
[2023.02.20-10.26.43:770][  0]LogModuleManager: Shutting down and abandoning module SteamVRInputDevice (112)
[2023.02.20-10.26.43:770][  0]LogModuleManager: Shutting down and abandoning module SteamVRInput (110)
[2023.02.20-10.26.43:770][  0]LogModuleManager: Shutting down and abandoning module SteamVR (108)
[2023.02.20-10.26.43:770][  0]LogHMD: Freeing OpenVRDLLHandle.
[2023.02.20-10.26.43:770][  0]LogModuleManager: Shutting down and abandoning module OculusHMD (106)
[2023.02.20-10.26.43:770][  0]LogModuleManager: Shutting down and abandoning module PixWinPlugin (104)
[2023.02.20-10.26.43:770][  0]LogModuleManager: Shutting down and abandoning module OpenXRHandTracking (102)
[2023.02.20-10.26.43:770][  0]LogModuleManager: Shutting down and abandoning module OpenXREyeTracker (100)
[2023.02.20-10.26.43:770][  0]LogModuleManager: Shutting down and abandoning module OpenXRAR (98)
[2023.02.20-10.26.43:770][  0]LogModuleManager: Shutting down and abandoning module AugmentedReality (97)
[2023.02.20-10.26.43:770][  0]LogModuleManager: Shutting down and abandoning module OpenXRHMD (94)
[2023.02.20-10.26.43:770][  0]LogModuleManager: Shutting down and abandoning module ChunkDownloader (92)
[2023.02.20-10.26.43:770][  0]LogModuleManager: Shutting down and abandoning module LauncherChunkInstaller (90)
[2023.02.20-10.26.43:770][  0]LogModuleManager: Shutting down and abandoning module OnlineBlueprintSupport (88)
[2023.02.20-10.26.43:770][  0]LogModuleManager: Shutting down and abandoning module OnlineSubsystem (84)
[2023.02.20-10.26.43:771][  0]LogModuleManager: Shutting down and abandoning module XMPP (79)
[2023.02.20-10.26.43:771][  0]LogModuleManager: Shutting down and abandoning module WebSockets (78)
[2023.02.20-10.26.43:774][  0]LogModuleManager: Shutting down and abandoning module HTTP (75)
[2023.02.20-10.26.43:774][  0]LogHttp: Display: cleaning up 0 outstanding Http requests.
[2023.02.20-10.26.43:791][  0]LogModuleManager: Shutting down and abandoning module SSL (74)
[2023.02.20-10.26.43:792][  0]LogModuleManager: Shutting down and abandoning module MLSDK (70)
[2023.02.20-10.26.43:792][  0]LogModuleManager: Shutting down and abandoning module ChaosCloth (68)
[2023.02.20-10.26.43:792][  0]LogModuleManager: Shutting down and abandoning module WmfMedia (66)
[2023.02.20-10.26.43:793][  0]LogModuleManager: Shutting down and abandoning module Media (65)
[2023.02.20-10.26.43:794][  0]LogModuleManager: Shutting down and abandoning module MediaInfo (64)
[2023.02.20-10.26.43:794][  0]LogModuleManager: Shutting down and abandoning module MagicLeap (60)
[2023.02.20-10.26.43:794][  0]LogModuleManager: Shutting down and abandoning module ExrReaderGpu (58)
[2023.02.20-10.26.43:794][  0]LogModuleManager: Shutting down and abandoning module NiagaraVertexFactories (56)
[2023.02.20-10.26.43:794][  0]LogModuleManager: Shutting down and abandoning module NiagaraShader (54)
[2023.02.20-10.26.43:794][  0]LogModuleManager: Shutting down and abandoning module VariantManagerContent (52)
[2023.02.20-10.26.43:794][  0]LogModuleManager: Shutting down and abandoning module DatasmithContent (50)
[2023.02.20-10.26.43:794][  0]LogModuleManager: Shutting down and abandoning module AISupportModule (48)
[2023.02.20-10.26.43:794][  0]LogModuleManager: Shutting down and abandoning module PythonScriptPluginPreload (46)
[2023.02.20-10.26.43:794][  0]LogModuleManager: Shutting down and abandoning module PlatformCryptoOpenSSL (44)
[2023.02.20-10.26.43:794][  0]LogModuleManager: Shutting down and abandoning module PlatformCryptoTypes (42)
[2023.02.20-10.26.43:794][  0]LogModuleManager: Shutting down and abandoning module PlatformCrypto (40)
[2023.02.20-10.26.43:794][  0]LogModuleManager: Shutting down and abandoning module OodleDataCompressionFormat (38)
[2023.02.20-10.26.43:794][  0]LogModuleManager: Shutting down and abandoning module XGEController (36)
[2023.02.20-10.26.43:794][  0]LogXGEController: Cannot use XGE Controller as Incredibuild is not installed on this machine.
[2023.02.20-10.26.43:794][  0]LogModuleManager: Shutting down and abandoning module AnimationModifiers (34)
[2023.02.20-10.26.43:794][  0]LogModuleManager: Shutting down and abandoning module AudioEditor (32)
[2023.02.20-10.26.43:795][  0]LogModuleManager: Shutting down and abandoning module PropertyEditor (31)
[2023.02.20-10.26.43:795][  0]LogModuleManager: Shutting down and abandoning module TextureCompressor (28)
[2023.02.20-10.26.43:795][  0]LogModuleManager: Shutting down and abandoning module RenderCore (26)
[2023.02.20-10.26.43:795][  0]LogModuleManager: Shutting down and abandoning module Landscape (24)
[2023.02.20-10.26.43:795][  0]LogModuleManager: Shutting down and abandoning module SlateRHIRenderer (22)
[2023.02.20-10.26.43:795][  0]LogModuleManager: Shutting down and abandoning module AnimGraphRuntime (20)
[2023.02.20-10.26.43:795][  0]LogModuleManager: Shutting down and abandoning module Renderer (18)
[2023.02.20-10.26.43:795][  0]LogModuleManager: Shutting down and abandoning module Engine (16)
[2023.02.20-10.26.43:795][  0]LogModuleManager: Shutting down and abandoning module CoreUObject (14)
[2023.02.20-10.26.43:795][  0]LogModuleManager: Shutting down and abandoning module NetworkFile (12)
[2023.02.20-10.26.43:795][  0]LogModuleManager: Shutting down and abandoning module CookedIterativeFile (10)
[2023.02.20-10.26.43:795][  0]LogModuleManager: Shutting down and abandoning module StreamingFile (8)
[2023.02.20-10.26.43:795][  0]LogModuleManager: Shutting down and abandoning module SandboxFile (6)
[2023.02.20-10.26.43:795][  0]LogModuleManager: Shutting down and abandoning module PakFile (4)
[2023.02.20-10.26.43:795][  0]LogModuleManager: Shutting down and abandoning module RSA (3)
[2023.02.20-10.26.44:276][  0]LogContentStreaming: Display: There are 1 unreleased StreamingManagers
[2023.02.20-10.26.44:287][  0]LogExit: Exiting.
[2023.02.20-10.26.44:310][  0]Log file closed, 02/20/23 19:26:44
